[INFO    ] Setting up logfile :  tweakreg.log
[INFO    ] TweakReg Version 1.4.7(18-April-2018) started at: 19:25:47.271 (21/03/2019) 
[INFO    ] 
[INFO    ] Version Information
[INFO    ] --------------------
[INFO    ] Python Version [GCC 7.3.0]
[INFO    ] 3.6.8 |Anaconda, Inc.| (default, Dec 30 2018, 01:22:34) 
[INFO    ] numpy Version -> 1.15.4 
[INFO    ] astropy Version -> 3.1.2 
[INFO    ] stwcs Version -> 1.4.2 
[INFO    ] 
[INFO    ] USER INPUT PARAMETERS common to all Processing Steps:
[INFO    ] 	clean :	False
[INFO    ] 	enforce_user_order :	True
[INFO    ] 	exclusions :	
[INFO    ] 	expand_refcat :	False
[INFO    ] 	input :	jcdua3f4q_flc.fits
[INFO    ] 	interactive :	True
[INFO    ] 	refimage :	
[INFO    ] 	runfile :	tweakreg.log
[INFO    ] 	updatewcs :	False
[INFO    ] 	verbose :	False
[INFO    ] 	writecat :	True
[INFO    ] 
[INFO    ] Finding shifts for: 
[INFO    ]     jcdua3f4q_flc.fits
[INFO    ] 
[INFO    ] USER INPUT PARAMETERS for finding sources for each input image:
[INFO    ] 	clean :	False
[INFO    ] 	computesig :	True
[INFO    ] 	conv_width :	4.5
[INFO    ] 	dqbits :	
[INFO    ] 	enforce_user_order :	True
[INFO    ] 	expand_refcat :	False
[INFO    ] 	fluxmax :	None
[INFO    ] 	fluxmin :	None
[INFO    ] 	input :	jcdua3f4q_flc.fits
[INFO    ] 	interactive :	True
[INFO    ] 	nsigma :	1.5
[INFO    ] 	peakmax :	None
[INFO    ] 	peakmin :	None
[INFO    ] 	ratio :	1.0
[INFO    ] 	refimage :	
[INFO    ] 	roundhi :	1.0
[INFO    ] 	roundlo :	-1.0
[INFO    ] 	runfile :	tweakreg.log
[INFO    ] 	sharphi :	1.0
[INFO    ] 	sharplo :	0.2
[INFO    ] 	skysigma :	0.0
[INFO    ] 	theta :	0.0
[INFO    ] 	threshold :	50
[INFO    ] 	updatehdr :	False
[INFO    ] 	updatewcs :	False
[INFO    ] 	use_sharp_round :	False
[INFO    ] 	verbose :	False
[INFO    ] 	writecat :	True
[INFO    ] 	xyunits :	pixels
[INFO    ] 
[WARNING ] /opt/conda/envs/notebooks_env/lib/python3.6/site-packages/astropy/wcs/wcs.py:2691: AstropyDeprecationWarning: 
Private attributes "_naxis1" and "_naxis2" have been deprecated since v3.1.
Instead use the "pixel_shape" property which returns a list of NAXISj keyword values.

  warnings.warn(NAXIS_DEPRECATE_MESSAGE, AstropyDeprecationWarning)

[WARNING ] /opt/conda/envs/notebooks_env/lib/python3.6/site-packages/astropy/wcs/wcs.py:2701: AstropyDeprecationWarning: 
Private attributes "_naxis1" and "_naxis2" have been deprecated since v3.1.
Instead use the "pixel_shape" property which returns a list of NAXISj keyword values.

  warnings.warn(NAXIS_DEPRECATE_MESSAGE, AstropyDeprecationWarning)

[INFO    ] ===  Source finding for image 'jcdua3f4q_flc.fits':
[INFO    ]   #  Source finding for 'jcdua3f4q_flc.fits', EXT=('SCI', 1) started at: 19:25:47.409 (21/03/2019)
[INFO    ]    Finding sources using sky sigma = 16.933767
[INFO    ] ###Source finding finished at: 19:25:48.640 (21/03/2019)
[INFO    ]      Found 10294 objects.
[INFO    ]   #  Source finding for 'jcdua3f4q_flc.fits', EXT=('SCI', 2) started at: 19:25:48.780 (21/03/2019)
[INFO    ]    Finding sources using sky sigma = 17.012593
[INFO    ] ###Source finding finished at: 19:25:49.826 (21/03/2019)
[INFO    ]      Found 10502 objects.
[INFO    ] ===  FINAL number of objects in image 'jcdua3f4q_flc.fits': 20796
[INFO    ] 
[INFO    ] 
[INFO    ] WARNING: Fewer than two images available for alignment. Quitting...
[INFO    ] 
[WARNING ] Fewer than two images available for alignment. Quitting...
[INFO    ] Trailer file written to:  tweakreg.log
[INFO    ] Setting up logfile :  tweakreg.log
[INFO    ] TweakReg Version 1.4.7(18-April-2018) started at: 19:26:13.296 (21/03/2019) 
[INFO    ] 
[INFO    ] Version Information
[INFO    ] --------------------
[INFO    ] Python Version [GCC 7.3.0]
[INFO    ] 3.6.8 |Anaconda, Inc.| (default, Dec 30 2018, 01:22:34) 
[INFO    ] numpy Version -> 1.15.4 
[INFO    ] astropy Version -> 3.1.2 
[INFO    ] stwcs Version -> 1.4.2 
[INFO    ] 
[INFO    ] USER INPUT PARAMETERS common to all Processing Steps:
[INFO    ] 	clean :	False
[INFO    ] 	enforce_user_order :	True
[INFO    ] 	exclusions :	exclusions.txt
[INFO    ] 	expand_refcat :	False
[INFO    ] 	input :	jcdua3f4q_flc.fits
[INFO    ] 	interactive :	True
[INFO    ] 	refimage :	
[INFO    ] 	runfile :	tweakreg.log
[INFO    ] 	updatewcs :	False
[INFO    ] 	verbose :	False
[INFO    ] 	writecat :	True
[INFO    ] jcdua3f4q_flc.fits
[INFO    ] jcdua3f8q_flc.fits
[INFO    ] 
[INFO    ] Finding shifts for: 
[INFO    ]     jcdua3f4q_flc.fits
[INFO    ] 
[INFO    ] USER INPUT PARAMETERS for finding sources for each input image:
[INFO    ] 	clean :	False
[INFO    ] 	computesig :	True
[INFO    ] 	conv_width :	4.5
[INFO    ] 	dqbits :	
[INFO    ] 	enforce_user_order :	True
[INFO    ] 	expand_refcat :	False
[INFO    ] 	fluxmax :	None
[INFO    ] 	fluxmin :	None
[INFO    ] 	input :	jcdua3f4q_flc.fits
[INFO    ] 	interactive :	True
[INFO    ] 	nsigma :	1.5
[INFO    ] 	peakmax :	None
[INFO    ] 	peakmin :	None
[INFO    ] 	ratio :	1.0
[INFO    ] 	refimage :	
[INFO    ] 	roundhi :	1.0
[INFO    ] 	roundlo :	-1.0
[INFO    ] 	runfile :	tweakreg.log
[INFO    ] 	sharphi :	1.0
[INFO    ] 	sharplo :	0.2
[INFO    ] 	skysigma :	0.0
[INFO    ] 	theta :	0.0
[INFO    ] 	threshold :	50
[INFO    ] 	updatehdr :	False
[INFO    ] 	updatewcs :	False
[INFO    ] 	use_sharp_round :	False
[INFO    ] 	verbose :	False
[INFO    ] 	writecat :	True
[INFO    ] 	xyunits :	pixels
[INFO    ] 
[INFO    ] ===  Source finding for image 'jcdua3f4q_flc.fits':
[INFO    ]   #  Source finding for 'jcdua3f4q_flc.fits', EXT=('SCI', 1) started at: 19:26:13.485 (21/03/2019)
[INFO    ]    Finding sources using sky sigma = 16.933767
[WARNING ] /opt/conda/envs/notebooks_env/lib/python3.6/site-packages/stregion/ds9_region_parser.py:118: UserWarning: Failed to parse : select=1 highlite=1 dash=0 fixed=0 edit=1 move=1 delete=1 include=1 source=1
  warnings.warn("Failed to parse : " + l)

[INFO    ] ###Source finding finished at: 19:26:15.863 (21/03/2019)
[INFO    ]      Found 10233 objects.
[INFO    ]   #  Source finding for 'jcdua3f4q_flc.fits', EXT=('SCI', 2) started at: 19:26:16.00 (21/03/2019)
[INFO    ]    Finding sources using sky sigma = 17.012593
[INFO    ] ###Source finding finished at: 19:26:17.212 (21/03/2019)
[INFO    ]      Found 10502 objects.
[INFO    ] ===  FINAL number of objects in image 'jcdua3f4q_flc.fits': 20735
[INFO    ] 
[INFO    ] 
[INFO    ] WARNING: Fewer than two images available for alignment. Quitting...
[INFO    ] 
[WARNING ] Fewer than two images available for alignment. Quitting...
[INFO    ] Trailer file written to:  tweakreg.log
[INFO    ] Setting up logfile :  tweakreg.log
[INFO    ] TweakReg Version 1.4.7(18-April-2018) started at: 19:26:28.465 (21/03/2019) 
[INFO    ] 
[INFO    ] Version Information
[INFO    ] --------------------
[INFO    ] Python Version [GCC 7.3.0]
[INFO    ] 3.6.8 |Anaconda, Inc.| (default, Dec 30 2018, 01:22:34) 
[INFO    ] numpy Version -> 1.15.4 
[INFO    ] astropy Version -> 3.1.2 
[INFO    ] stwcs Version -> 1.4.2 
[INFO    ] 
[INFO    ] USER INPUT PARAMETERS common to all Processing Steps:
[INFO    ] 	clean :	False
[INFO    ] 	enforce_user_order :	True
[INFO    ] 	exclusions :	inclusions.txt
[INFO    ] 	expand_refcat :	False
[INFO    ] 	input :	jcdua3f4q_flc.fits
[INFO    ] 	interactive :	True
[INFO    ] 	refimage :	
[INFO    ] 	runfile :	tweakreg.log
[INFO    ] 	updatewcs :	False
[INFO    ] 	verbose :	False
[INFO    ] 	writecat :	True
[INFO    ] jcdua3f4q_flc.fits
[INFO    ] jcdua3f8q_flc.fits
[INFO    ] 
[INFO    ] Finding shifts for: 
[INFO    ]     jcdua3f4q_flc.fits
[INFO    ] 
[INFO    ] USER INPUT PARAMETERS for finding sources for each input image:
[INFO    ] 	clean :	False
[INFO    ] 	computesig :	True
[INFO    ] 	conv_width :	4.5
[INFO    ] 	dqbits :	
[INFO    ] 	enforce_user_order :	True
[INFO    ] 	expand_refcat :	False
[INFO    ] 	fluxmax :	None
[INFO    ] 	fluxmin :	None
[INFO    ] 	input :	jcdua3f4q_flc.fits
[INFO    ] 	interactive :	True
[INFO    ] 	nsigma :	1.5
[INFO    ] 	peakmax :	None
[INFO    ] 	peakmin :	None
[INFO    ] 	ratio :	1.0
[INFO    ] 	refimage :	
[INFO    ] 	roundhi :	1.0
[INFO    ] 	roundlo :	-1.0
[INFO    ] 	runfile :	tweakreg.log
[INFO    ] 	sharphi :	1.0
[INFO    ] 	sharplo :	0.2
[INFO    ] 	skysigma :	0.0
[INFO    ] 	theta :	0.0
[INFO    ] 	threshold :	50
[INFO    ] 	updatehdr :	False
[INFO    ] 	updatewcs :	False
[INFO    ] 	use_sharp_round :	False
[INFO    ] 	verbose :	False
[INFO    ] 	writecat :	True
[INFO    ] 	xyunits :	pixels
[INFO    ] 
[INFO    ] ===  Source finding for image 'jcdua3f4q_flc.fits':
[INFO    ]   #  Source finding for 'jcdua3f4q_flc.fits', EXT=('SCI', 1) started at: 19:26:28.602 (21/03/2019)
[INFO    ]    Finding sources using sky sigma = 16.933767
[INFO    ] ###Source finding finished at: 19:26:30.000 (21/03/2019)
[INFO    ]      Found 63 objects.
[INFO    ]   #  Source finding for 'jcdua3f4q_flc.fits', EXT=('SCI', 2) started at: 19:26:30.083 (21/03/2019)
[INFO    ]    Finding sources using sky sigma = 17.012593
[INFO    ] ###Source finding finished at: 19:26:31.612 (21/03/2019)
[INFO    ]      Found 10502 objects.
[INFO    ] ===  FINAL number of objects in image 'jcdua3f4q_flc.fits': 10565
[INFO    ] 
[INFO    ] 
[INFO    ] WARNING: Fewer than two images available for alignment. Quitting...
[INFO    ] 
[WARNING ] Fewer than two images available for alignment. Quitting...
[INFO    ] Trailer file written to:  tweakreg.log
[INFO    ] Setting up logfile :  tweakreg.log
[INFO    ] TweakReg Version 1.4.7(18-April-2018) started at: 19:26:32.606 (21/03/2019) 
[INFO    ] 
[INFO    ] Version Information
[INFO    ] --------------------
[INFO    ] Python Version [GCC 7.3.0]
[INFO    ] 3.6.8 |Anaconda, Inc.| (default, Dec 30 2018, 01:22:34) 
[INFO    ] numpy Version -> 1.15.4 
[INFO    ] astropy Version -> 3.1.2 
[INFO    ] stwcs Version -> 1.4.2 
[INFO    ] 
[INFO    ] USER INPUT PARAMETERS common to all Processing Steps:
[INFO    ] 	clean :	False
[INFO    ] 	enforce_user_order :	True
[INFO    ] 	exclusions :	inclusions_no_box.txt
[INFO    ] 	expand_refcat :	False
[INFO    ] 	input :	jcdua3f4q_flc.fits
[INFO    ] 	interactive :	True
[INFO    ] 	refimage :	
[INFO    ] 	runfile :	tweakreg.log
[INFO    ] 	updatewcs :	False
[INFO    ] 	verbose :	False
[INFO    ] 	writecat :	True
[INFO    ] jcdua3f4q_flc.fits
[INFO    ] jcdua3f8q_flc.fits
[INFO    ] 
[INFO    ] Finding shifts for: 
[INFO    ]     jcdua3f4q_flc.fits
[INFO    ] 
[INFO    ] USER INPUT PARAMETERS for finding sources for each input image:
[INFO    ] 	clean :	False
[INFO    ] 	computesig :	True
[INFO    ] 	conv_width :	4.5
[INFO    ] 	dqbits :	
[INFO    ] 	enforce_user_order :	True
[INFO    ] 	expand_refcat :	False
[INFO    ] 	fluxmax :	None
[INFO    ] 	fluxmin :	None
[INFO    ] 	input :	jcdua3f4q_flc.fits
[INFO    ] 	interactive :	True
[INFO    ] 	nsigma :	1.5
[INFO    ] 	peakmax :	None
[INFO    ] 	peakmin :	None
[INFO    ] 	ratio :	1.0
[INFO    ] 	refimage :	
[INFO    ] 	roundhi :	1.0
[INFO    ] 	roundlo :	-1.0
[INFO    ] 	runfile :	tweakreg.log
[INFO    ] 	sharphi :	1.0
[INFO    ] 	sharplo :	0.2
[INFO    ] 	skysigma :	0.0
[INFO    ] 	theta :	0.0
[INFO    ] 	threshold :	50
[INFO    ] 	updatehdr :	False
[INFO    ] 	updatewcs :	False
[INFO    ] 	use_sharp_round :	False
[INFO    ] 	verbose :	False
[INFO    ] 	writecat :	True
[INFO    ] 	xyunits :	pixels
[INFO    ] 
[INFO    ] ===  Source finding for image 'jcdua3f4q_flc.fits':
[INFO    ]   #  Source finding for 'jcdua3f4q_flc.fits', EXT=('SCI', 1) started at: 19:26:32.770 (21/03/2019)
[INFO    ]    Finding sources using sky sigma = 16.933767
[INFO    ] ###Source finding finished at: 19:26:34.248 (21/03/2019)
[INFO    ]      Found 51 objects.
[INFO    ]   #  Source finding for 'jcdua3f4q_flc.fits', EXT=('SCI', 2) started at: 19:26:34.325 (21/03/2019)
[INFO    ]    Finding sources using sky sigma = 17.012593
[INFO    ] ###Source finding finished at: 19:26:35.412 (21/03/2019)
[INFO    ]      Found 10502 objects.
[INFO    ] ===  FINAL number of objects in image 'jcdua3f4q_flc.fits': 10553
[INFO    ] 
[INFO    ] 
[INFO    ] WARNING: Fewer than two images available for alignment. Quitting...
[INFO    ] 
[WARNING ] Fewer than two images available for alignment. Quitting...
[INFO    ] Trailer file written to:  tweakreg.log
[INFO    ] Setting up logfile :  tweakreg.log
[INFO    ] TweakReg Version 1.4.7(18-April-2018) started at: 19:26:36.201 (21/03/2019) 
[INFO    ] 
[INFO    ] Version Information
[INFO    ] --------------------
[INFO    ] Python Version [GCC 7.3.0]
[INFO    ] 3.6.8 |Anaconda, Inc.| (default, Dec 30 2018, 01:22:34) 
[INFO    ] numpy Version -> 1.15.4 
[INFO    ] astropy Version -> 3.1.2 
[INFO    ] stwcs Version -> 1.4.2 
[INFO    ] 
[INFO    ] USER INPUT PARAMETERS common to all Processing Steps:
[INFO    ] 	clean :	False
[INFO    ] 	enforce_user_order :	True
[INFO    ] 	exclusions :	inclusions_no_box_first.txt
[INFO    ] 	expand_refcat :	False
[INFO    ] 	input :	jcdua3f4q_flc.fits
[INFO    ] 	interactive :	True
[INFO    ] 	refimage :	
[INFO    ] 	runfile :	tweakreg.log
[INFO    ] 	updatewcs :	False
[INFO    ] 	verbose :	False
[INFO    ] 	writecat :	True
[INFO    ] jcdua3f4q_flc.fits
[INFO    ] jcdua3f8q_flc.fits
[INFO    ] 
[INFO    ] Finding shifts for: 
[INFO    ]     jcdua3f4q_flc.fits
[INFO    ] 
[INFO    ] USER INPUT PARAMETERS for finding sources for each input image:
[INFO    ] 	clean :	False
[INFO    ] 	computesig :	True
[INFO    ] 	conv_width :	4.5
[INFO    ] 	dqbits :	
[INFO    ] 	enforce_user_order :	True
[INFO    ] 	expand_refcat :	False
[INFO    ] 	fluxmax :	None
[INFO    ] 	fluxmin :	None
[INFO    ] 	input :	jcdua3f4q_flc.fits
[INFO    ] 	interactive :	True
[INFO    ] 	nsigma :	1.5
[INFO    ] 	peakmax :	None
[INFO    ] 	peakmin :	None
[INFO    ] 	ratio :	1.0
[INFO    ] 	refimage :	
[INFO    ] 	roundhi :	1.0
[INFO    ] 	roundlo :	-1.0
[INFO    ] 	runfile :	tweakreg.log
[INFO    ] 	sharphi :	1.0
[INFO    ] 	sharplo :	0.2
[INFO    ] 	skysigma :	0.0
[INFO    ] 	theta :	0.0
[INFO    ] 	threshold :	50
[INFO    ] 	updatehdr :	False
[INFO    ] 	updatewcs :	False
[INFO    ] 	use_sharp_round :	False
[INFO    ] 	verbose :	False
[INFO    ] 	writecat :	True
[INFO    ] 	xyunits :	pixels
[INFO    ] 
[INFO    ] ===  Source finding for image 'jcdua3f4q_flc.fits':
[INFO    ]   #  Source finding for 'jcdua3f4q_flc.fits', EXT=('SCI', 1) started at: 19:26:36.40 (21/03/2019)
[INFO    ]    Finding sources using sky sigma = 16.933767
[INFO    ] ###Source finding finished at: 19:26:37.991 (21/03/2019)
[INFO    ]      Found 58 objects.
[INFO    ]   #  Source finding for 'jcdua3f4q_flc.fits', EXT=('SCI', 2) started at: 19:26:38.08 (21/03/2019)
[INFO    ]    Finding sources using sky sigma = 17.012593
[INFO    ] ###Source finding finished at: 19:26:39.298 (21/03/2019)
[INFO    ]      Found 10502 objects.
[INFO    ] ===  FINAL number of objects in image 'jcdua3f4q_flc.fits': 10560
[INFO    ] 
[INFO    ] 
[INFO    ] WARNING: Fewer than two images available for alignment. Quitting...
[INFO    ] 
[WARNING ] Fewer than two images available for alignment. Quitting...
[INFO    ] Trailer file written to:  tweakreg.log
[ERROR   ] Invalid alias: The name clear can't be aliased because it is another magic command.
[ERROR   ] Invalid alias: The name more can't be aliased because it is another magic command.
[ERROR   ] Invalid alias: The name less can't be aliased because it is another magic command.
[ERROR   ] Invalid alias: The name man can't be aliased because it is another magic command.
