[INFO    ] Setting up logfile :  tweakreg.log
[INFO    ] TweakReg Version 1.4.7(18-April-2018) started at: 01:09:10.207 (18/12/2019) 
[INFO    ] 
[INFO    ] Version Information
[INFO    ] --------------------
[INFO    ] Python Version [Clang 4.0.1 (tags/RELEASE_401/final)]
[INFO    ] 3.7.5 (default, Oct 25 2019, 10:52:18) 
[INFO    ] numpy Version -> 1.17.4 
[INFO    ] astropy Version -> 3.2.3 
[INFO    ] stwcs Version -> 1.5.3 
[INFO    ] 
[INFO    ] USER INPUT PARAMETERS common to all Processing Steps:
[INFO    ] 	clean :	False
[INFO    ] 	enforce_user_order :	True
[INFO    ] 	exclusions :	
[INFO    ] 	expand_refcat :	False
[INFO    ] 	input :	*flc.fits
[INFO    ] 	interactive :	False
[INFO    ] 	refimage :	
[INFO    ] 	runfile :	tweakreg.log
[INFO    ] 	updatewcs :	False
[INFO    ] 	verbose :	False
[INFO    ] 	writecat :	True
[INFO    ] 
[INFO    ] Finding shifts for: 
[INFO    ]     ibwb01xrq_flc.fits
[INFO    ]     ibwb01xxq_flc.fits
[INFO    ]     ibwb01xqq_flc.fits
[INFO    ] 
[INFO    ] USER INPUT PARAMETERS for finding sources for each input image:
[INFO    ] 	clean :	False
[INFO    ] 	computesig :	True
[INFO    ] 	conv_width :	3.5
[INFO    ] 	dqbits :	
[INFO    ] 	enforce_user_order :	True
[INFO    ] 	expand_refcat :	False
[INFO    ] 	fluxmax :	None
[INFO    ] 	fluxmin :	None
[INFO    ] 	input :	*flc.fits
[INFO    ] 	interactive :	False
[INFO    ] 	nsigma :	1.5
[INFO    ] 	peakmax :	None
[INFO    ] 	peakmin :	None
[INFO    ] 	ratio :	1.0
[INFO    ] 	refimage :	
[INFO    ] 	roundhi :	1.0
[INFO    ] 	roundlo :	-1.0
[INFO    ] 	runfile :	tweakreg.log
[INFO    ] 	sharphi :	1.0
[INFO    ] 	sharplo :	0.2
[INFO    ] 	skysigma :	0.0
[INFO    ] 	theta :	0.0
[INFO    ] 	threshold :	500.0
[INFO    ] 	updatehdr :	False
[INFO    ] 	updatewcs :	False
[INFO    ] 	use_sharp_round :	False
[INFO    ] 	verbose :	False
[INFO    ] 	writecat :	True
[INFO    ] 	xyunits :	pixels
[INFO    ] 
[INFO    ] ===  Source finding for image 'ibwb01xrq_flc.fits':
[INFO    ]   #  Source finding for 'ibwb01xrq_flc.fits', EXT=('SCI', 1) started at: 01:09:10.443 (18/12/2019)
[INFO    ]    Finding sources using sky sigma = 5.638966
[INFO    ] ###Source finding finished at: 01:09:11.303 (18/12/2019)
[INFO    ]      Found 1363 objects.
[INFO    ]   #  Source finding for 'ibwb01xrq_flc.fits', EXT=('SCI', 2) started at: 01:09:11.370 (18/12/2019)
[INFO    ]    Finding sources using sky sigma = 5.682907
[INFO    ] ###Source finding finished at: 01:09:12.168 (18/12/2019)
[INFO    ]      Found 1313 objects.
[INFO    ] ===  FINAL number of objects in image 'ibwb01xrq_flc.fits': 2676
[INFO    ] 
[INFO    ] ===  Source finding for image 'ibwb01xxq_flc.fits':
[INFO    ]   #  Source finding for 'ibwb01xxq_flc.fits', EXT=('SCI', 1) started at: 01:09:12.395 (18/12/2019)
[INFO    ]    Finding sources using sky sigma = 4.939314
[INFO    ] ###Source finding finished at: 01:09:13.205 (18/12/2019)
[INFO    ]      Found 1836 objects.
[INFO    ]   #  Source finding for 'ibwb01xxq_flc.fits', EXT=('SCI', 2) started at: 01:09:13.278 (18/12/2019)
[INFO    ]    Finding sources using sky sigma = 4.820505
[INFO    ] ###Source finding finished at: 01:09:14.10 (18/12/2019)
[INFO    ]      Found 2008 objects.
[INFO    ] ===  FINAL number of objects in image 'ibwb01xxq_flc.fits': 3844
[INFO    ] 
[INFO    ] ===  Source finding for image 'ibwb01xqq_flc.fits':
[INFO    ]   #  Source finding for 'ibwb01xqq_flc.fits', EXT=('SCI', 1) started at: 01:09:14.316 (18/12/2019)
[INFO    ]    Finding sources using sky sigma = 1.846397
[INFO    ] ###Source finding finished at: 01:09:15.117 (18/12/2019)
[INFO    ]      Found 1364 objects.
[INFO    ]   #  Source finding for 'ibwb01xqq_flc.fits', EXT=('SCI', 2) started at: 01:09:15.184 (18/12/2019)
[INFO    ]    Finding sources using sky sigma = 0.389856
[INFO    ] ###Source finding finished at: 01:09:16.016 (18/12/2019)
[INFO    ]      Found 2137 objects.
[INFO    ] ===  FINAL number of objects in image 'ibwb01xqq_flc.fits': 3501
[INFO    ] 
[INFO    ] 
[INFO    ] USER INPUT PARAMETERS for finding sources for the reference image (not used):
[INFO    ] 	clean :	False
[INFO    ] 	computesig :	True
[INFO    ] 	conv_width :	3.5
[INFO    ] 	dqbits :	
[INFO    ] 	enforce_user_order :	True
[INFO    ] 	expand_refcat :	False
[INFO    ] 	fluxmax :	None
[INFO    ] 	fluxmin :	None
[INFO    ] 	input :	*flc.fits
[INFO    ] 	interactive :	False
[INFO    ] 	nsigma :	1.5
[INFO    ] 	peakmax :	None
[INFO    ] 	peakmin :	None
[INFO    ] 	ratio :	1.0
[INFO    ] 	refimage :	
[INFO    ] 	roundhi :	1.0
[INFO    ] 	roundlo :	-1.0
[INFO    ] 	runfile :	tweakreg.log
[INFO    ] 	sharphi :	1.0
[INFO    ] 	sharplo :	0.2
[INFO    ] 	skysigma :	0.0
[INFO    ] 	theta :	0.0
[INFO    ] 	threshold :	4.0
[INFO    ] 	updatehdr :	False
[INFO    ] 	updatewcs :	False
[INFO    ] 	use_sharp_round :	False
[INFO    ] 	verbose :	False
[INFO    ] 	writecat :	True
[INFO    ] 	xyunits :	pixels
[INFO    ] Converting RA/Dec positions of reference sources from "ibwb01xrq_flc.fits" to X,Y positions in reference WCS...
[INFO    ] 
[INFO    ] ===============================================================
[INFO    ] Performing alignment in the projection plane defined by the WCS
[INFO    ] derived from 'ibwb01xrq_flc.fits'
[INFO    ] ===============================================================
[INFO    ] 
[INFO    ] USER INPUT PARAMETERS for matching sources:
[INFO    ] 	minobj :	15
[INFO    ] 	residplot :	both
[INFO    ] 	searchrad :	1.0
[INFO    ] 	searchunits :	arcseconds
[INFO    ] 	see2dplot :	False
[INFO    ] 	separation :	0.5
[INFO    ] 	tolerance :	1.0
[INFO    ] 	use2dhist :	True
[INFO    ] 	xoffset :	0.0
[INFO    ] 	yoffset :	0.0
[INFO    ] 
[INFO    ] USER INPUT PARAMETERS for fitting source lists:
[INFO    ] 	fitgeometry :	general
[INFO    ] 	labelsize :	8
[INFO    ] 	minobj :	15
[INFO    ] 	nclip :	3
[INFO    ] 	residplot :	both
[INFO    ] 	sigma :	3.0
[INFO    ] 	ylimit :	1.5
[INFO    ] 
[INFO    ] USER INPUT PARAMETERS for creating a shiftfile:
[INFO    ] 	outshifts :	SDSS_shifts.txt
[INFO    ] 	outwcs :	shifts_wcs.fits
[INFO    ] 	shiftfile :	True
[INFO    ] 
[INFO    ] ====================
[INFO    ] Performing fit for: ibwb01xrq_flc.fits
[INFO    ] 
[INFO    ] Matching sources from 'ibwb01xrq_flc.fits' with sources from reference catalog 'sdss.cat'
[INFO    ] Computing initial guess for X and Y shifts...
[INFO    ] Found initial X and Y shifts of 5.758, -6.13 with significance of 69.78 and 548 matches
[INFO    ] Found 234 matches for ibwb01xrq_flc.fits...
[INFO    ] Performing "general" fit
[INFO    ] Performing "general" fit
[INFO    ] Performing "general" fit
[INFO    ] Performing "general" fit
[INFO    ] Computed  general  fit for  ibwb01xrq_flc.fits : 
[INFO    ] XSH: 5.7834  YSH: -6.3216    PROPER ROT: 0.002689473574    
[INFO    ] <ROT>: 180.0026895  SKEW: -359.9937629    ROT_X: 359.9995709  ROT_Y: 0.005808002503
[INFO    ] <SCALE>: 1.00007296  SCALE_X: 1.000025367  SCALE_Y: 1.000120561
[INFO    ] FIT XRMS: 0.37       FIT YRMS: 0.51   
[INFO    ] FIT RMSE: 0.63       FIT MAE: 0.57   
[INFO    ] 
[INFO    ] RMS_RA: 8.8e-06 (deg)   RMS_DEC: 2.1e-07 (deg)
[INFO    ] 
[INFO    ] Final solution based on  234  objects.
[INFO    ] Creating catalog for the fit: ibwb01xrq_flc_catalog_fit.match
[INFO    ] wrote XY data to:  ibwb01xrq_flc_catalog_fit.match
[INFO    ] Total # points: 234
[INFO    ] # of points after clipping: 234
[INFO    ] Total # points: 234
[INFO    ] # of points after clipping: 234
[INFO    ] ....Updating header for ibwb01xrq_flc.fits...
[INFO    ] Processing ibwb01xrq_flc.fits['SCI',1]
[INFO    ] Updating header for ibwb01xrq_flc.fits[1]
[INFO    ] Processing ibwb01xrq_flc.fits['SCI',2]
[INFO    ] Updating header for ibwb01xrq_flc.fits[4]
[INFO    ] 
[INFO    ] ====================
[INFO    ] Performing fit for: ibwb01xxq_flc.fits
[INFO    ] 
[INFO    ] Matching sources from 'ibwb01xxq_flc.fits' with sources from reference catalog 'sdss.cat'
[INFO    ] Computing initial guess for X and Y shifts...
[INFO    ] Found initial X and Y shifts of 5.93, -7.117 with significance of 90.64 and 515 matches
[INFO    ] Found 65 matches for ibwb01xxq_flc.fits...
[INFO    ] Performing "general" fit
[INFO    ] Performing "general" fit
[INFO    ] Performing "general" fit
[INFO    ] Performing "general" fit
[INFO    ] Computed  general  fit for  ibwb01xxq_flc.fits : 
[INFO    ] XSH: 6.0916  YSH: -6.7981    PROPER ROT: 359.9996333    
[INFO    ] <ROT>: 359.9996333  SKEW: -0.0006069343121    ROT_X: 359.9999367  ROT_Y: 359.9993298
[INFO    ] <SCALE>: 1.000013878  SCALE_X: 1.000072226  SCALE_Y: 0.999955533
[INFO    ] FIT XRMS: 0.44       FIT YRMS: 0.45   
[INFO    ] FIT RMSE: 0.63       FIT MAE: 0.57   
[INFO    ] 
[INFO    ] RMS_RA: 8.7e-06 (deg)   RMS_DEC: 1.2e-06 (deg)
[INFO    ] 
[INFO    ] Final solution based on  65  objects.
[INFO    ] Creating catalog for the fit: ibwb01xxq_flc_catalog_fit.match
[INFO    ] wrote XY data to:  ibwb01xxq_flc_catalog_fit.match
[INFO    ] Total # points: 65
[INFO    ] # of points after clipping: 65
[INFO    ] Total # points: 65
[INFO    ] # of points after clipping: 65
[INFO    ] ....Updating header for ibwb01xxq_flc.fits...
[INFO    ] Processing ibwb01xxq_flc.fits['SCI',1]
[INFO    ] Updating header for ibwb01xxq_flc.fits[1]
[INFO    ] Processing ibwb01xxq_flc.fits['SCI',2]
[INFO    ] Updating header for ibwb01xxq_flc.fits[4]
[INFO    ] 
[INFO    ] ====================
[INFO    ] Performing fit for: ibwb01xqq_flc.fits
[INFO    ] 
[INFO    ] Matching sources from 'ibwb01xqq_flc.fits' with sources from reference catalog 'sdss.cat'
[INFO    ] Computing initial guess for X and Y shifts...
[INFO    ] Found initial X and Y shifts of 5.777, -6.09 with significance of 74.8 and 564 matches
[INFO    ] Found 237 matches for ibwb01xqq_flc.fits...
[INFO    ] Performing "general" fit
[INFO    ] Performing "general" fit
[INFO    ] Performing "general" fit
[INFO    ] Performing "general" fit
[INFO    ] Computed  general  fit for  ibwb01xqq_flc.fits : 
[INFO    ] XSH: 5.8226  YSH: -6.2815    PROPER ROT: 0.001607948819    
[INFO    ] <ROT>: 180.0016079  SKEW: -359.9918373    ROT_X: 359.9975266  ROT_Y: 0.005689305896
[INFO    ] <SCALE>: 1.00006687  SCALE_X: 1.000020148  SCALE_Y: 1.000113605
[INFO    ] FIT XRMS: 0.36       FIT YRMS: 0.5    
[INFO    ] FIT RMSE: 0.62       FIT MAE: 0.56   
[INFO    ] 
[INFO    ] RMS_RA: 8.6e-06 (deg)   RMS_DEC: 2.2e-07 (deg)
[INFO    ] 
[INFO    ] Final solution based on  237  objects.
[INFO    ] Creating catalog for the fit: ibwb01xqq_flc_catalog_fit.match
[INFO    ] wrote XY data to:  ibwb01xqq_flc_catalog_fit.match
[INFO    ] Total # points: 237
[INFO    ] # of points after clipping: 237
[INFO    ] Total # points: 237
[INFO    ] # of points after clipping: 237
[INFO    ] ....Updating header for ibwb01xqq_flc.fits...
[INFO    ] Processing ibwb01xqq_flc.fits['SCI',1]
[INFO    ] Updating header for ibwb01xqq_flc.fits[1]
[INFO    ] Processing ibwb01xqq_flc.fits['SCI',2]
[INFO    ] Updating header for ibwb01xqq_flc.fits[4]
[INFO    ] Writing out shiftfile : SDSS_shifts.txt
[INFO    ] Trailer file written to:  tweakreg.log
[INFO    ] Setting up logfile :  tweakreg.log
[INFO    ] TweakReg Version 1.4.7(18-April-2018) started at: 01:09:19.801 (18/12/2019) 
[INFO    ] 
[INFO    ] Version Information
[INFO    ] --------------------
[INFO    ] Python Version [Clang 4.0.1 (tags/RELEASE_401/final)]
[INFO    ] 3.7.5 (default, Oct 25 2019, 10:52:18) 
[INFO    ] numpy Version -> 1.17.4 
[INFO    ] astropy Version -> 3.2.3 
[INFO    ] stwcs Version -> 1.5.3 
[INFO    ] 
[INFO    ] USER INPUT PARAMETERS common to all Processing Steps:
[INFO    ] 	clean :	False
[INFO    ] 	enforce_user_order :	True
[INFO    ] 	exclusions :	
[INFO    ] 	expand_refcat :	False
[INFO    ] 	input :	*flc.fits
[INFO    ] 	interactive :	False
[INFO    ] 	refimage :	
[INFO    ] 	runfile :	tweakreg.log
[INFO    ] 	updatewcs :	False
[INFO    ] 	verbose :	False
[INFO    ] 	writecat :	True
[INFO    ] 
[INFO    ] Finding shifts for: 
[INFO    ]     ibwb01xrq_flc.fits
[INFO    ]     ibwb01xxq_flc.fits
[INFO    ]     ibwb01xqq_flc.fits
[INFO    ] 
[INFO    ] USER INPUT PARAMETERS for finding sources for each input image:
[INFO    ] 	clean :	False
[INFO    ] 	computesig :	True
[INFO    ] 	conv_width :	3.5
[INFO    ] 	dqbits :	
[INFO    ] 	enforce_user_order :	True
[INFO    ] 	expand_refcat :	False
[INFO    ] 	fluxmax :	None
[INFO    ] 	fluxmin :	None
[INFO    ] 	input :	*flc.fits
[INFO    ] 	interactive :	False
[INFO    ] 	nsigma :	1.5
[INFO    ] 	peakmax :	None
[INFO    ] 	peakmin :	None
[INFO    ] 	ratio :	1.0
[INFO    ] 	refimage :	
[INFO    ] 	roundhi :	1.0
[INFO    ] 	roundlo :	-1.0
[INFO    ] 	runfile :	tweakreg.log
[INFO    ] 	sharphi :	1.0
[INFO    ] 	sharplo :	0.2
[INFO    ] 	skysigma :	0.0
[INFO    ] 	theta :	0.0
[INFO    ] 	threshold :	500.0
[INFO    ] 	updatehdr :	False
[INFO    ] 	updatewcs :	False
[INFO    ] 	use_sharp_round :	False
[INFO    ] 	verbose :	False
[INFO    ] 	writecat :	True
[INFO    ] 	xyunits :	pixels
[INFO    ] 
[INFO    ] ===  Source finding for image 'ibwb01xrq_flc.fits':
[INFO    ]   #  Source finding for 'ibwb01xrq_flc.fits', EXT=('SCI', 1) started at: 01:09:19.948 (18/12/2019)
[INFO    ]    Finding sources using sky sigma = 5.638966
[INFO    ] ###Source finding finished at: 01:09:20.749 (18/12/2019)
[INFO    ]      Found 1363 objects.
[INFO    ]   #  Source finding for 'ibwb01xrq_flc.fits', EXT=('SCI', 2) started at: 01:09:20.816 (18/12/2019)
[INFO    ]    Finding sources using sky sigma = 5.682907
[INFO    ] ###Source finding finished at: 01:09:21.62 (18/12/2019)
[INFO    ]      Found 1313 objects.
[INFO    ] ===  FINAL number of objects in image 'ibwb01xrq_flc.fits': 2676
[INFO    ] 
[INFO    ] ===  Source finding for image 'ibwb01xxq_flc.fits':
[INFO    ]   #  Source finding for 'ibwb01xxq_flc.fits', EXT=('SCI', 1) started at: 01:09:21.845 (18/12/2019)
[INFO    ]    Finding sources using sky sigma = 4.939314
[INFO    ] ###Source finding finished at: 01:09:22.656 (18/12/2019)
[INFO    ]      Found 1836 objects.
[INFO    ]   #  Source finding for 'ibwb01xxq_flc.fits', EXT=('SCI', 2) started at: 01:09:22.729 (18/12/2019)
[INFO    ]    Finding sources using sky sigma = 4.820505
[INFO    ] ###Source finding finished at: 01:09:23.553 (18/12/2019)
[INFO    ]      Found 2008 objects.
[INFO    ] ===  FINAL number of objects in image 'ibwb01xxq_flc.fits': 3844
[INFO    ] 
[INFO    ] ===  Source finding for image 'ibwb01xqq_flc.fits':
[INFO    ]   #  Source finding for 'ibwb01xqq_flc.fits', EXT=('SCI', 1) started at: 01:09:23.764 (18/12/2019)
[INFO    ]    Finding sources using sky sigma = 1.846397
[INFO    ] ###Source finding finished at: 01:09:24.563 (18/12/2019)
[INFO    ]      Found 1364 objects.
[INFO    ]   #  Source finding for 'ibwb01xqq_flc.fits', EXT=('SCI', 2) started at: 01:09:24.629 (18/12/2019)
[INFO    ]    Finding sources using sky sigma = 0.389856
[INFO    ] ###Source finding finished at: 01:09:25.530 (18/12/2019)
[INFO    ]      Found 2137 objects.
[INFO    ] ===  FINAL number of objects in image 'ibwb01xqq_flc.fits': 3501
[INFO    ] 
[INFO    ] 
[INFO    ] USER INPUT PARAMETERS for finding sources for the reference image (not used):
[INFO    ] 	clean :	False
[INFO    ] 	computesig :	True
[INFO    ] 	conv_width :	3.5
[INFO    ] 	dqbits :	
[INFO    ] 	enforce_user_order :	True
[INFO    ] 	expand_refcat :	False
[INFO    ] 	fluxmax :	None
[INFO    ] 	fluxmin :	None
[INFO    ] 	input :	*flc.fits
[INFO    ] 	interactive :	False
[INFO    ] 	nsigma :	1.5
[INFO    ] 	peakmax :	None
[INFO    ] 	peakmin :	None
[INFO    ] 	ratio :	1.0
[INFO    ] 	refimage :	
[INFO    ] 	roundhi :	1.0
[INFO    ] 	roundlo :	-1.0
[INFO    ] 	runfile :	tweakreg.log
[INFO    ] 	sharphi :	1.0
[INFO    ] 	sharplo :	0.2
[INFO    ] 	skysigma :	0.0
[INFO    ] 	theta :	0.0
[INFO    ] 	threshold :	4.0
[INFO    ] 	updatehdr :	False
[INFO    ] 	updatewcs :	False
[INFO    ] 	use_sharp_round :	False
[INFO    ] 	verbose :	False
[INFO    ] 	writecat :	True
[INFO    ] 	xyunits :	pixels
[INFO    ] Converting RA/Dec positions of reference sources from "ibwb01xrq_flc.fits" to X,Y positions in reference WCS...
[INFO    ] 
[INFO    ] ===============================================================
[INFO    ] Performing alignment in the projection plane defined by the WCS
[INFO    ] derived from 'ibwb01xrq_flc.fits'
[INFO    ] ===============================================================
[INFO    ] 
[INFO    ] USER INPUT PARAMETERS for matching sources:
[INFO    ] 	minobj :	15
[INFO    ] 	residplot :	both
[INFO    ] 	searchrad :	1.0
[INFO    ] 	searchunits :	arcseconds
[INFO    ] 	see2dplot :	False
[INFO    ] 	separation :	0.5
[INFO    ] 	tolerance :	1.0
[INFO    ] 	use2dhist :	True
[INFO    ] 	xoffset :	0.0
[INFO    ] 	yoffset :	0.0
[INFO    ] 
[INFO    ] USER INPUT PARAMETERS for fitting source lists:
[INFO    ] 	fitgeometry :	general
[INFO    ] 	labelsize :	8
[INFO    ] 	minobj :	15
[INFO    ] 	nclip :	3
[INFO    ] 	residplot :	both
[INFO    ] 	sigma :	2.3
[INFO    ] 	ylimit :	0.2
[INFO    ] 
[INFO    ] USER INPUT PARAMETERS for creating a shiftfile:
[INFO    ] 	outshifts :	Gaia_shifts.txt
[INFO    ] 	outwcs :	shifts_wcs.fits
[INFO    ] 	shiftfile :	True
[INFO    ] 
[INFO    ] ====================
[INFO    ] Performing fit for: ibwb01xrq_flc.fits
[INFO    ] 
[INFO    ] Matching sources from 'ibwb01xrq_flc.fits' with sources from reference catalog 'gaia.cat'
[INFO    ] Computing initial guess for X and Y shifts...
[INFO    ] Found initial X and Y shifts of 4.219, -6.289 with significance of 152.3 and 702 matches
[INFO    ] Found 619 matches for ibwb01xrq_flc.fits...
[INFO    ] Performing "general" fit
[INFO    ] Performing "general" fit
[INFO    ] Performing "general" fit
[INFO    ] Performing "general" fit
[INFO    ] Computed  general  fit for  ibwb01xrq_flc.fits : 
[INFO    ] XSH: 4.4316  YSH: -5.6503    PROPER ROT: 0.004696842134    
[INFO    ] <ROT>: 0.004696842134  SKEW: 0.0003977742276    ROT_X: 0.004497955021  ROT_Y: 0.004895729248
[INFO    ] <SCALE>: 1.000083549  SCALE_X: 1.000077526  SCALE_Y: 1.000089572
[INFO    ] FIT XRMS: 0.031      FIT YRMS: 0.043  
[INFO    ] FIT RMSE: 0.053      FIT MAE: 0.044  
[INFO    ] 
[INFO    ] RMS_RA: 7.4e-07 (deg)   RMS_DEC: 1.7e-08 (deg)
[INFO    ] 
[INFO    ] Final solution based on  482  objects.
[INFO    ] Creating catalog for the fit: ibwb01xrq_flc_catalog_fit.match
[INFO    ] wrote XY data to:  ibwb01xrq_flc_catalog_fit.match
[INFO    ] Total # points: 482
[INFO    ] # of points after clipping: 482
[INFO    ] Total # points: 482
[INFO    ] # of points after clipping: 482
[INFO    ] ....Updating header for ibwb01xrq_flc.fits...
[INFO    ] Processing ibwb01xrq_flc.fits['SCI',1]
[INFO    ] Updating header for ibwb01xrq_flc.fits[1]
[INFO    ] Processing ibwb01xrq_flc.fits['SCI',2]
[INFO    ] Updating header for ibwb01xrq_flc.fits[4]
[INFO    ] 
[INFO    ] ====================
[INFO    ] Performing fit for: ibwb01xxq_flc.fits
[INFO    ] 
[INFO    ] Matching sources from 'ibwb01xxq_flc.fits' with sources from reference catalog 'gaia.cat'
[INFO    ] Computing initial guess for X and Y shifts...
[INFO    ] Found initial X and Y shifts of 4.771, -5.298 with significance of 530.9 and 664 matches
[INFO    ] Found 650 matches for ibwb01xxq_flc.fits...
[INFO    ] Performing "general" fit
[INFO    ] Performing "general" fit
[INFO    ] Performing "general" fit
[INFO    ] Performing "general" fit
[INFO    ] Computed  general  fit for  ibwb01xxq_flc.fits : 
[INFO    ] XSH: 4.8733  YSH: -4.8449    PROPER ROT: 0.002547034177    
[INFO    ] <ROT>: 0.002547034177  SKEW: 0.0002067280755    ROT_X: 0.002443670139  ROT_Y: 0.002650398214
[INFO    ] <SCALE>: 1.000088774  SCALE_X: 1.000080014  SCALE_Y: 1.000097534
[INFO    ] FIT XRMS: 0.032      FIT YRMS: 0.044  
[INFO    ] FIT RMSE: 0.054      FIT MAE: 0.045  
[INFO    ] 
[INFO    ] RMS_RA: 7.5e-07 (deg)   RMS_DEC: 2.1e-08 (deg)
[INFO    ] 
[INFO    ] Final solution based on  499  objects.
[INFO    ] Creating catalog for the fit: ibwb01xxq_flc_catalog_fit.match
[INFO    ] wrote XY data to:  ibwb01xxq_flc_catalog_fit.match
[INFO    ] Total # points: 499
[INFO    ] # of points after clipping: 499
[INFO    ] Total # points: 499
[INFO    ] # of points after clipping: 499
[INFO    ] ....Updating header for ibwb01xxq_flc.fits...
[INFO    ] Processing ibwb01xxq_flc.fits['SCI',1]
[INFO    ] Updating header for ibwb01xxq_flc.fits[1]
[INFO    ] Processing ibwb01xxq_flc.fits['SCI',2]
[INFO    ] Updating header for ibwb01xxq_flc.fits[4]
[INFO    ] 
[INFO    ] ====================
[INFO    ] Performing fit for: ibwb01xqq_flc.fits
[INFO    ] 
[INFO    ] Matching sources from 'ibwb01xqq_flc.fits' with sources from reference catalog 'gaia.cat'
[INFO    ] Computing initial guess for X and Y shifts...
[INFO    ] Found initial X and Y shifts of 4.694, -5.962 with significance of 136.9 and 648 matches
[INFO    ] Found 631 matches for ibwb01xqq_flc.fits...
[INFO    ] Performing "general" fit
[INFO    ] Performing "general" fit
[INFO    ] Performing "general" fit
[INFO    ] Performing "general" fit
[INFO    ] Computed  general  fit for  ibwb01xqq_flc.fits : 
[INFO    ] XSH: 4.4863  YSH: -5.6699    PROPER ROT: 0.00466747289    
[INFO    ] <ROT>: 0.00466747289  SKEW: 0.0003347041837    ROT_X: 0.004500120798  ROT_Y: 0.004834824982
[INFO    ] <SCALE>: 1.000088602  SCALE_X: 1.000080279  SCALE_Y: 1.000096925
[INFO    ] FIT XRMS: 0.023      FIT YRMS: 0.024  
[INFO    ] FIT RMSE: 0.033      FIT MAE: 0.029  
[INFO    ] 
[INFO    ] RMS_RA: 4.5e-07 (deg)   RMS_DEC: 6.7e-08 (deg)
[INFO    ] 
[INFO    ] Final solution based on  511  objects.
[INFO    ] Creating catalog for the fit: ibwb01xqq_flc_catalog_fit.match
[INFO    ] wrote XY data to:  ibwb01xqq_flc_catalog_fit.match
[INFO    ] Total # points: 511
[INFO    ] # of points after clipping: 511
[INFO    ] Total # points: 511
[INFO    ] # of points after clipping: 511
[INFO    ] ....Updating header for ibwb01xqq_flc.fits...
[INFO    ] Processing ibwb01xqq_flc.fits['SCI',1]
[INFO    ] Updating header for ibwb01xqq_flc.fits[1]
[INFO    ] Processing ibwb01xqq_flc.fits['SCI',2]
[INFO    ] Updating header for ibwb01xqq_flc.fits[4]
[INFO    ] Writing out shiftfile : Gaia_shifts.txt
[INFO    ] Trailer file written to:  tweakreg.log
[INFO    ] Setting up logfile :  tweakreg.log
[INFO    ] TweakReg Version 1.4.7(18-April-2018) started at: 01:09:28.703 (18/12/2019) 
[INFO    ] 
[INFO    ] Version Information
[INFO    ] --------------------
[INFO    ] Python Version [Clang 4.0.1 (tags/RELEASE_401/final)]
[INFO    ] 3.7.5 (default, Oct 25 2019, 10:52:18) 
[INFO    ] numpy Version -> 1.17.4 
[INFO    ] astropy Version -> 3.2.3 
[INFO    ] stwcs Version -> 1.5.3 
[INFO    ] 
[INFO    ] USER INPUT PARAMETERS common to all Processing Steps:
[INFO    ] 	clean :	False
[INFO    ] 	enforce_user_order :	True
[INFO    ] 	exclusions :	
[INFO    ] 	expand_refcat :	False
[INFO    ] 	input :	*flc.fits
[INFO    ] 	interactive :	False
[INFO    ] 	refimage :	
[INFO    ] 	runfile :	tweakreg.log
[INFO    ] 	updatewcs :	False
[INFO    ] 	verbose :	False
[INFO    ] 	writecat :	True
[INFO    ] 
[INFO    ] Finding shifts for: 
[INFO    ]     ibwb01xrq_flc.fits
[INFO    ]     ibwb01xxq_flc.fits
[INFO    ]     ibwb01xqq_flc.fits
[INFO    ] 
[INFO    ] USER INPUT PARAMETERS for finding sources for each input image:
[INFO    ] 	clean :	False
[INFO    ] 	computesig :	True
[INFO    ] 	conv_width :	3.5
[INFO    ] 	dqbits :	
[INFO    ] 	enforce_user_order :	True
[INFO    ] 	expand_refcat :	False
[INFO    ] 	fluxmax :	None
[INFO    ] 	fluxmin :	None
[INFO    ] 	input :	*flc.fits
[INFO    ] 	interactive :	False
[INFO    ] 	nsigma :	1.5
[INFO    ] 	peakmax :	None
[INFO    ] 	peakmin :	None
[INFO    ] 	ratio :	1.0
[INFO    ] 	refimage :	
[INFO    ] 	roundhi :	1.0
[INFO    ] 	roundlo :	-1.0
[INFO    ] 	runfile :	tweakreg.log
[INFO    ] 	sharphi :	1.0
[INFO    ] 	sharplo :	0.2
[INFO    ] 	skysigma :	0.0
[INFO    ] 	theta :	0.0
[INFO    ] 	threshold :	500.0
[INFO    ] 	updatehdr :	True
[INFO    ] 	updatewcs :	False
[INFO    ] 	use_sharp_round :	False
[INFO    ] 	verbose :	False
[INFO    ] 	writecat :	True
[INFO    ] 	xyunits :	pixels
[INFO    ] 
[INFO    ] ===  Source finding for image 'ibwb01xrq_flc.fits':
[INFO    ]   #  Source finding for 'ibwb01xrq_flc.fits', EXT=('SCI', 1) started at: 01:09:28.853 (18/12/2019)
[INFO    ]    Finding sources using sky sigma = 5.638966
[INFO    ] ###Source finding finished at: 01:09:29.656 (18/12/2019)
[INFO    ]      Found 1363 objects.
[INFO    ]   #  Source finding for 'ibwb01xrq_flc.fits', EXT=('SCI', 2) started at: 01:09:29.720 (18/12/2019)
[INFO    ]    Finding sources using sky sigma = 5.682907
[INFO    ] ###Source finding finished at: 01:09:30.510 (18/12/2019)
[INFO    ]      Found 1313 objects.
[INFO    ] ===  FINAL number of objects in image 'ibwb01xrq_flc.fits': 2676
[INFO    ] 
[INFO    ] ===  Source finding for image 'ibwb01xxq_flc.fits':
[INFO    ]   #  Source finding for 'ibwb01xxq_flc.fits', EXT=('SCI', 1) started at: 01:09:30.746 (18/12/2019)
[INFO    ]    Finding sources using sky sigma = 4.939314
[INFO    ] ###Source finding finished at: 01:09:31.544 (18/12/2019)
[INFO    ]      Found 1836 objects.
[INFO    ]   #  Source finding for 'ibwb01xxq_flc.fits', EXT=('SCI', 2) started at: 01:09:31.611 (18/12/2019)
[INFO    ]    Finding sources using sky sigma = 4.820505
[INFO    ] ###Source finding finished at: 01:09:32.424 (18/12/2019)
[INFO    ]      Found 2008 objects.
[INFO    ] ===  FINAL number of objects in image 'ibwb01xxq_flc.fits': 3844
[INFO    ] 
[INFO    ] ===  Source finding for image 'ibwb01xqq_flc.fits':
[INFO    ]   #  Source finding for 'ibwb01xqq_flc.fits', EXT=('SCI', 1) started at: 01:09:32.643 (18/12/2019)
[INFO    ]    Finding sources using sky sigma = 1.846397
[INFO    ] ###Source finding finished at: 01:09:33.433 (18/12/2019)
[INFO    ]      Found 1364 objects.
[INFO    ]   #  Source finding for 'ibwb01xqq_flc.fits', EXT=('SCI', 2) started at: 01:09:33.49 (18/12/2019)
[INFO    ]    Finding sources using sky sigma = 0.389856
[INFO    ] ###Source finding finished at: 01:09:34.382 (18/12/2019)
[INFO    ]      Found 2137 objects.
[INFO    ] ===  FINAL number of objects in image 'ibwb01xqq_flc.fits': 3501
[INFO    ] 
[INFO    ] 
[INFO    ] USER INPUT PARAMETERS for finding sources for the reference image (not used):
[INFO    ] 	clean :	False
[INFO    ] 	computesig :	True
[INFO    ] 	conv_width :	3.5
[INFO    ] 	dqbits :	
[INFO    ] 	enforce_user_order :	True
[INFO    ] 	expand_refcat :	False
[INFO    ] 	fluxmax :	None
[INFO    ] 	fluxmin :	None
[INFO    ] 	input :	*flc.fits
[INFO    ] 	interactive :	False
[INFO    ] 	nsigma :	1.5
[INFO    ] 	peakmax :	None
[INFO    ] 	peakmin :	None
[INFO    ] 	ratio :	1.0
[INFO    ] 	refimage :	
[INFO    ] 	roundhi :	1.0
[INFO    ] 	roundlo :	-1.0
[INFO    ] 	runfile :	tweakreg.log
[INFO    ] 	sharphi :	1.0
[INFO    ] 	sharplo :	0.2
[INFO    ] 	skysigma :	0.0
[INFO    ] 	theta :	0.0
[INFO    ] 	threshold :	4.0
[INFO    ] 	updatehdr :	False
[INFO    ] 	updatewcs :	False
[INFO    ] 	use_sharp_round :	False
[INFO    ] 	verbose :	False
[INFO    ] 	writecat :	True
[INFO    ] 	xyunits :	pixels
[INFO    ] Converting RA/Dec positions of reference sources from "ibwb01xrq_flc.fits" to X,Y positions in reference WCS...
[INFO    ] 
[INFO    ] ===============================================================
[INFO    ] Performing alignment in the projection plane defined by the WCS
[INFO    ] derived from 'ibwb01xrq_flc.fits'
[INFO    ] ===============================================================
[INFO    ] 
[INFO    ] USER INPUT PARAMETERS for matching sources:
[INFO    ] 	minobj :	15
[INFO    ] 	residplot :	both
[INFO    ] 	searchrad :	1.0
[INFO    ] 	searchunits :	arcseconds
[INFO    ] 	see2dplot :	False
[INFO    ] 	separation :	0.5
[INFO    ] 	tolerance :	1.0
[INFO    ] 	use2dhist :	True
[INFO    ] 	xoffset :	0.0
[INFO    ] 	yoffset :	0.0
[INFO    ] 
[INFO    ] USER INPUT PARAMETERS for fitting source lists:
[INFO    ] 	fitgeometry :	general
[INFO    ] 	labelsize :	8
[INFO    ] 	minobj :	15
[INFO    ] 	nclip :	3
[INFO    ] 	residplot :	both
[INFO    ] 	sigma :	2.3
[INFO    ] 	ylimit :	None
[INFO    ] 
[INFO    ] USER INPUT PARAMETERS for creating a shiftfile:
[INFO    ] 	outshifts :	Gaia_shifts.txt
[INFO    ] 	outwcs :	shifts_wcs.fits
[INFO    ] 	shiftfile :	True
[INFO    ] 
[INFO    ] ====================
[INFO    ] Performing fit for: ibwb01xrq_flc.fits
[INFO    ] 
[INFO    ] Matching sources from 'ibwb01xrq_flc.fits' with sources from reference catalog 'gaia.cat'
[INFO    ] Computing initial guess for X and Y shifts...
[INFO    ] Found initial X and Y shifts of 4.219, -6.289 with significance of 152.3 and 702 matches
[INFO    ] Found 619 matches for ibwb01xrq_flc.fits...
[INFO    ] Performing "general" fit
[INFO    ] Performing "general" fit
[INFO    ] Performing "general" fit
[INFO    ] Performing "general" fit
[INFO    ] Computed  general  fit for  ibwb01xrq_flc.fits : 
[INFO    ] XSH: 4.4316  YSH: -5.6503    PROPER ROT: 0.004696842134    
[INFO    ] <ROT>: 0.004696842134  SKEW: 0.0003977742276    ROT_X: 0.004497955021  ROT_Y: 0.004895729248
[INFO    ] <SCALE>: 1.000083549  SCALE_X: 1.000077526  SCALE_Y: 1.000089572
[INFO    ] FIT XRMS: 0.031      FIT YRMS: 0.043  
[INFO    ] FIT RMSE: 0.053      FIT MAE: 0.044  
[INFO    ] 
[INFO    ] RMS_RA: 7.4e-07 (deg)   RMS_DEC: 1.7e-08 (deg)
[INFO    ] 
[INFO    ] Final solution based on  482  objects.
[INFO    ] Creating catalog for the fit: ibwb01xrq_flc_catalog_fit.match
[INFO    ] wrote XY data to:  ibwb01xrq_flc_catalog_fit.match
[INFO    ] Total # points: 482
[INFO    ] # of points after clipping: 482
[INFO    ] Total # points: 482
[INFO    ] # of points after clipping: 482
[INFO    ] 
[INFO    ] ....Updating header for ibwb01xrq_flc.fits...
[INFO    ] 
[INFO    ] 
[INFO    ] Processing ibwb01xrq_flc.fits['SCI',1]
[INFO    ] 
[INFO    ] Updating header for ibwb01xrq_flc.fits[1]
[INFO    ]     with WCS of
[INFO    ] WCS Keywords
[INFO    ] 
[INFO    ] CD_11  CD_12: -6.71445258969271e-06 -9.202521523942143e-06
[INFO    ] CD_21  CD_22: -8.798359582223624e-06 6.145270546221497e-06
[INFO    ] CRVAL    : 290.23990176450815 37.794734765055225
[INFO    ] CRPIX    : 2048.0 1026.0
[INFO    ] NAXIS    : 4096 2051
[INFO    ] Plate Scale : 0.0398469929515555
[INFO    ] ORIENTAT : -56.26574716711297
[INFO    ] WCSNAME  :  Gaia
[INFO    ] 
[INFO    ] Processing ibwb01xrq_flc.fits['SCI',2]
[INFO    ] 
[INFO    ] Updating header for ibwb01xrq_flc.fits[4]
[INFO    ]     with WCS of
[INFO    ] WCS Keywords
[INFO    ] 
[INFO    ] CD_11  CD_12: -6.731537958587623e-06 -9.088404543083897e-06
[INFO    ] CD_21  CD_22: -8.708107846222823e-06 6.080741878779698e-06
[INFO    ] CRVAL    : 290.21581127760504 37.80746922469125
[INFO    ] CRPIX    : 2048.0 1026.0
[INFO    ] NAXIS    : 4096 2051
[INFO    ] Plate Scale : 0.03962677037287118
[INFO    ] ORIENTAT : -56.214867732508935
[INFO    ] WCSNAME  :  Gaia
[INFO    ]     Writing out new WCS to alternate WCS: "B"
[INFO    ] Updating WCSCORR table with new WCS solution "Gaia"
[WARNING ] /Users/etollerud/miniconda3/envs/nb-build/lib/python3.7/site-packages/astropy/io/fits/card.py:267: VerifyWarning: Keyword name 'IDCSCALEB' is greater than 8 characters or contains characters not allowed by the FITS standard; a HIERARCH card will be created.
  keyword), VerifyWarning)

[WARNING ] /Users/etollerud/miniconda3/envs/nb-build/lib/python3.7/site-packages/astropy/io/fits/card.py:267: VerifyWarning: Keyword name 'IDCSCALEB' is greater than 8 characters or contains characters not allowed by the FITS standard; a HIERARCH card will be created.
  keyword), VerifyWarning)

[INFO    ] 
[INFO    ] ====================
[INFO    ] Performing fit for: ibwb01xxq_flc.fits
[INFO    ] 
[INFO    ] Matching sources from 'ibwb01xxq_flc.fits' with sources from reference catalog 'gaia.cat'
[INFO    ] Computing initial guess for X and Y shifts...
[INFO    ] Found initial X and Y shifts of 4.771, -5.298 with significance of 530.9 and 664 matches
[INFO    ] Found 650 matches for ibwb01xxq_flc.fits...
[INFO    ] Performing "general" fit
[INFO    ] Performing "general" fit
[INFO    ] Performing "general" fit
[INFO    ] Performing "general" fit
[INFO    ] Computed  general  fit for  ibwb01xxq_flc.fits : 
[INFO    ] XSH: 4.8733  YSH: -4.8449    PROPER ROT: 0.002547034177    
[INFO    ] <ROT>: 0.002547034177  SKEW: 0.0002067280755    ROT_X: 0.002443670139  ROT_Y: 0.002650398214
[INFO    ] <SCALE>: 1.000088774  SCALE_X: 1.000080014  SCALE_Y: 1.000097534
[INFO    ] FIT XRMS: 0.032      FIT YRMS: 0.044  
[INFO    ] FIT RMSE: 0.054      FIT MAE: 0.045  
[INFO    ] 
[INFO    ] RMS_RA: 7.5e-07 (deg)   RMS_DEC: 2.1e-08 (deg)
[INFO    ] 
[INFO    ] Final solution based on  499  objects.
[INFO    ] Creating catalog for the fit: ibwb01xxq_flc_catalog_fit.match
[INFO    ] wrote XY data to:  ibwb01xxq_flc_catalog_fit.match
[INFO    ] Total # points: 499
[INFO    ] # of points after clipping: 499
[INFO    ] Total # points: 499
[INFO    ] # of points after clipping: 499
[INFO    ] 
[INFO    ] ....Updating header for ibwb01xxq_flc.fits...
[INFO    ] 
[INFO    ] 
[INFO    ] Processing ibwb01xxq_flc.fits['SCI',1]
[INFO    ] 
[INFO    ] Updating header for ibwb01xxq_flc.fits[1]
[INFO    ]     with WCS of
[INFO    ] WCS Keywords
[INFO    ] 
[INFO    ] CD_11  CD_12: -6.716394206084726e-06 -9.201163357434026e-06
[INFO    ] CD_21  CD_22: -8.796909096901962e-06 6.147236905360251e-06
[INFO    ] CRVAL    : 290.2637400533991 37.78211827194002
[INFO    ] CRPIX    : 2048.0 1026.0
[INFO    ] NAXIS    : 4096 2051
[INFO    ] Plate Scale : 0.039847175433057117
[INFO    ] ORIENTAT : -56.25337479294362
[INFO    ] WCSNAME  :  Gaia
[INFO    ] 
[INFO    ] Processing ibwb01xxq_flc.fits['SCI',2]
[INFO    ] 
[INFO    ] Updating header for ibwb01xxq_flc.fits[4]
[INFO    ]     with WCS of
[INFO    ] WCS Keywords
[INFO    ] 
[INFO    ] CD_11  CD_12: -6.7334609946725575e-06 -9.08705963848591e-06
[INFO    ] CD_21  CD_22: -8.706652781523419e-06 6.0826852867994225e-06
[INFO    ] CRVAL    : 290.2396572421327 37.79485680034623
[INFO    ] CRPIX    : 2048.0 1026.0
[INFO    ] NAXIS    : 4096 2051
[INFO    ] Plate Scale : 0.039626951860556925
[INFO    ] ORIENTAT : -56.20248586073764
[INFO    ] WCSNAME  :  Gaia
[INFO    ]     Writing out new WCS to alternate WCS: "B"
[INFO    ] Updating WCSCORR table with new WCS solution "Gaia"
[WARNING ] /Users/etollerud/miniconda3/envs/nb-build/lib/python3.7/site-packages/astropy/io/fits/card.py:267: VerifyWarning: Keyword name 'IDCSCALEB' is greater than 8 characters or contains characters not allowed by the FITS standard; a HIERARCH card will be created.
  keyword), VerifyWarning)

[WARNING ] /Users/etollerud/miniconda3/envs/nb-build/lib/python3.7/site-packages/astropy/io/fits/card.py:267: VerifyWarning: Keyword name 'IDCSCALEB' is greater than 8 characters or contains characters not allowed by the FITS standard; a HIERARCH card will be created.
  keyword), VerifyWarning)

[INFO    ] 
[INFO    ] ====================
[INFO    ] Performing fit for: ibwb01xqq_flc.fits
[INFO    ] 
[INFO    ] Matching sources from 'ibwb01xqq_flc.fits' with sources from reference catalog 'gaia.cat'
[INFO    ] Computing initial guess for X and Y shifts...
[INFO    ] Found initial X and Y shifts of 4.694, -5.962 with significance of 136.9 and 648 matches
[INFO    ] Found 631 matches for ibwb01xqq_flc.fits...
[INFO    ] Performing "general" fit
[INFO    ] Performing "general" fit
[INFO    ] Performing "general" fit
[INFO    ] Performing "general" fit
[INFO    ] Computed  general  fit for  ibwb01xqq_flc.fits : 
[INFO    ] XSH: 4.4863  YSH: -5.6699    PROPER ROT: 0.00466747289    
[INFO    ] <ROT>: 0.00466747289  SKEW: 0.0003347041837    ROT_X: 0.004500120798  ROT_Y: 0.004834824982
[INFO    ] <SCALE>: 1.000088602  SCALE_X: 1.000080279  SCALE_Y: 1.000096925
[INFO    ] FIT XRMS: 0.023      FIT YRMS: 0.024  
[INFO    ] FIT RMSE: 0.033      FIT MAE: 0.029  
[INFO    ] 
[INFO    ] RMS_RA: 4.5e-07 (deg)   RMS_DEC: 6.7e-08 (deg)
[INFO    ] 
[INFO    ] Final solution based on  511  objects.
[INFO    ] Creating catalog for the fit: ibwb01xqq_flc_catalog_fit.match
[INFO    ] wrote XY data to:  ibwb01xqq_flc_catalog_fit.match
[INFO    ] Total # points: 511
[INFO    ] # of points after clipping: 511
[INFO    ] Total # points: 511
[INFO    ] # of points after clipping: 511
[INFO    ] 
[INFO    ] ....Updating header for ibwb01xqq_flc.fits...
[INFO    ] 
[INFO    ] 
[INFO    ] Processing ibwb01xqq_flc.fits['SCI',1]
[INFO    ] 
[INFO    ] Updating header for ibwb01xqq_flc.fits[1]
[INFO    ]     with WCS of
[INFO    ] WCS Keywords
[INFO    ] 
[INFO    ] CD_11  CD_12: -6.714434251226519e-06 -9.202463117195532e-06
[INFO    ] CD_21  CD_22: -8.798339810055961e-06 6.14521716896683e-06
[INFO    ] CRVAL    : 290.2399019631409 37.79473538497346
[INFO    ] CRPIX    : 2048.0 1026.0
[INFO    ] NAXIS    : 4096 2051
[INFO    ] Plate Scale : 0.039847004058886186
[INFO    ] ORIENTAT : -56.265809062556215
[INFO    ] WCSNAME  :  Gaia
[INFO    ] 
[INFO    ] Processing ibwb01xqq_flc.fits['SCI',2]
[INFO    ] 
[INFO    ] Updating header for ibwb01xqq_flc.fits[4]
[INFO    ]     with WCS of
[INFO    ] WCS Keywords
[INFO    ] 
[INFO    ] CD_11  CD_12: -6.731519378880771e-06 -9.088346820564065e-06
[INFO    ] CD_21  CD_22: -8.708088524976063e-06 6.080689133240222e-06
[INFO    ] CRVAL    : 290.2158116290336 37.807469734112615
[INFO    ] CRPIX    : 2048.0 1026.0
[INFO    ] NAXIS    : 4096 2051
[INFO    ] Plate Scale : 0.03962678141881469
[INFO    ] ORIENTAT : -56.21492924658077
[INFO    ] WCSNAME  :  Gaia
[INFO    ]     Writing out new WCS to alternate WCS: "B"
[INFO    ] Updating WCSCORR table with new WCS solution "Gaia"
[WARNING ] /Users/etollerud/miniconda3/envs/nb-build/lib/python3.7/site-packages/astropy/io/fits/card.py:267: VerifyWarning: Keyword name 'IDCSCALEB' is greater than 8 characters or contains characters not allowed by the FITS standard; a HIERARCH card will be created.
  keyword), VerifyWarning)

[WARNING ] /Users/etollerud/miniconda3/envs/nb-build/lib/python3.7/site-packages/astropy/io/fits/card.py:267: VerifyWarning: Keyword name 'IDCSCALEB' is greater than 8 characters or contains characters not allowed by the FITS standard; a HIERARCH card will be created.
  keyword), VerifyWarning)

[INFO    ] Writing out shiftfile : Gaia_shifts.txt
[INFO    ] Trailer file written to:  tweakreg.log
