[INFO    ] Setting up logfile :  astrodrizzle.log
[INFO    ] AstroDrizzle Version 3.1.3 (2019-11-06 14:37:50 -0500) started at: 01:15:12.141 (18/12/2019)
[INFO    ] 
[INFO    ] Version Information
[INFO    ] --------------------
[INFO    ] Python Version [Clang 4.0.1 (tags/RELEASE_401/final)]
[INFO    ] 3.7.5 (default, Oct 25 2019, 10:52:18) 
[INFO    ] numpy Version -> 1.17.4 
[INFO    ] astropy Version -> 3.2.3 
[INFO    ] stwcs Version -> 1.5.3 
[INFO    ] ==== Processing Step  Initialization  started at  01:15:12.147 (18/12/2019)
[INFO    ] Executing serially
[INFO    ] Setting up output name: f160w_drz.fits
[INFO    ] ##############################################################################
[INFO    ] #                                                                            #
[INFO    ] # “minmed” is highly recommended for three images,                           #
[INFO    ] #  and is good for four to six images,                                       #
[INFO    ] #  but should be avoided for ten or more images.                             #
[INFO    ] #                                                                            #
[INFO    ] ##############################################################################
[INFO    ] -Creating imageObject List as input for processing steps.
[INFO    ] Reading in MDRIZSKY of 0.0
[INFO    ] Reading in MDRIZSKY of 0.000813768256729454
[INFO    ] Reading in MDRIZSKY of 0.05903964145806256
[INFO    ] Reading in MDRIZSKY of 0.0
[INFO    ] Reading in MDRIZSKY of 0.0
[INFO    ] Reading in MDRIZSKY of 0.01437647960035831
[INFO    ] Reading in MDRIZSKY of 0.07885785050481073
[INFO    ] Reading in MDRIZSKY of 0.0
[INFO    ] No context image will be created for ick901hzq_flt.fits
[INFO    ] No context image will be created for ick901i7q_flt.fits
[INFO    ] No context image will be created for ick902n9q_flt.fits
[INFO    ] No context image will be created for ick902neq_flt.fits
[INFO    ] No context image will be created for ick903n4q_flt.fits
[INFO    ] No context image will be created for ick903ncq_flt.fits
[INFO    ] No context image will be created for ick904obq_flt.fits
[INFO    ] No context image will be created for ick904ogq_flt.fits
[INFO    ] Reset bit values of 4096 to a value of 0 in ick901hzq_flt.fits[DQ,1]
[INFO    ] Reset bit values of 4096 to a value of 0 in ick901i7q_flt.fits[DQ,1]
[INFO    ] Reset bit values of 4096 to a value of 0 in ick902n9q_flt.fits[DQ,1]
[INFO    ] Reset bit values of 4096 to a value of 0 in ick902neq_flt.fits[DQ,1]
[INFO    ] Reset bit values of 4096 to a value of 0 in ick903n4q_flt.fits[DQ,1]
[INFO    ] Reset bit values of 4096 to a value of 0 in ick903ncq_flt.fits[DQ,1]
[INFO    ] Reset bit values of 4096 to a value of 0 in ick904obq_flt.fits[DQ,1]
[INFO    ] Reset bit values of 4096 to a value of 0 in ick904ogq_flt.fits[DQ,1]
[INFO    ] -Creating output WCS.
[INFO    ] No context image will be created for f160w_drz.fits
[INFO    ] WCS Keywords
[INFO    ] 
[INFO    ] Number of WCS axes: 2
[INFO    ] CTYPE : 'RA---TAN'  'DEC--TAN'  
[INFO    ] CRVAL : 274.721587  -13.841549  
[INFO    ] CRPIX : 2000.5  2250.5  
[INFO    ] CD1_1 CD1_2  : -1.8203378761977594e-05  -1.2746143030023248e-05  
[INFO    ] CD2_1 CD2_2  : -1.2746143030023248e-05  1.8203378761977594e-05  
[INFO    ] NAXIS : 4000  4500
[INFO    ] ********************************************************************************
[INFO    ] *
[INFO    ] *  Estimated memory usage:  up to 213 Mb.
[INFO    ] *  Output image size:       4000 X 4500 pixels. 
[INFO    ] *  Output image file:       ~ 205 Mb. 
[INFO    ] *  Cores available:         1
[INFO    ] *
[INFO    ] ********************************************************************************
[INFO    ] ==== Processing Step  Initialization  finished at  01:15:13.283 (18/12/2019)
[INFO    ] 
[INFO    ] USER INPUT PARAMETERS common to all Processing Steps:
[INFO    ] 	build :	False
[INFO    ] 	coeffs :	True
[INFO    ] 	context :	False
[INFO    ] 	crbit :	4096
[INFO    ] 	group :	
[INFO    ] 	in_memory :	False
[INFO    ] 	input :	*flt.fits
[INFO    ] 	mdriztab :	False
[INFO    ] 	num_cores :	None
[INFO    ] 	output :	f160w
[INFO    ] 	proc_unit :	native
[INFO    ] 	resetbits :	4096
[INFO    ] 	runfile :	astrodrizzle.log
[INFO    ] 	stepsize :	10
[INFO    ] 	updatewcs :	False
[INFO    ] 	wcskey :	
[INFO    ] ==== Processing Step  Static Mask  started at  01:15:13.292 (18/12/2019)
[INFO    ] USER INPUT PARAMETERS for Static Mask Step:
[INFO    ] 	static :	True
[INFO    ] 	static_sig :	4.0
[INFO    ] Computing static mask:

[INFO    ]   mode =  4.611537;   rms = 2.242564;   static_sig = 4.00
[INFO    ] Computing static mask:

[INFO    ]   mode =  4.673553;   rms = 2.203933;   static_sig = 4.00
[INFO    ] Computing static mask:

[INFO    ]   mode =  6.007894;   rms = 3.505459;   static_sig = 4.00
[INFO    ] Computing static mask:

[INFO    ]   mode =  5.865264;   rms = 3.467553;   static_sig = 4.00
[INFO    ] Computing static mask:

[INFO    ]   mode =  6.077302;   rms = 2.185454;   static_sig = 4.00
[INFO    ] Computing static mask:

[INFO    ]   mode =  6.019388;   rms = 2.174801;   static_sig = 4.00
[INFO    ] Computing static mask:

[INFO    ]   mode =  5.889317;   rms = 2.044828;   static_sig = 4.00
[INFO    ] Computing static mask:

[INFO    ]   mode =  5.817121;   rms = 1.974546;   static_sig = 4.00
[INFO    ] Saving static mask to disk: ./WFC3IR_1014x1014_1_staticMask.fits
[INFO    ] ==== Processing Step  Static Mask  finished at  01:15:13.494 (18/12/2019)
[INFO    ] 
[INFO    ] ==== Processing Step  Subtract Sky  started at  01:15:13.497 (18/12/2019)
[INFO    ] USER INPUT PARAMETERS for Sky Subtraction Step:
[INFO    ] 	sky_bits :	0
[INFO    ] 	skyclip :	5
[INFO    ] 	skyfile :	
[INFO    ] 	skylower :	None
[INFO    ] 	skylsigma :	4.0
[INFO    ] 	skymask_cat :	
[INFO    ] 	skymethod :	match
[INFO    ] 	skystat :	median
[INFO    ] 	skysub :	True
[INFO    ] 	skyupper :	None
[INFO    ] 	skyuser :	
[INFO    ] 	skyusigma :	4.0
[INFO    ] 	skywidth :	0.1
[INFO    ] 	use_static :	True
[INFO    ] ***** skymatch started on 2019-12-18 01:15:13.641152
[INFO    ]       Version 1.0.4 (2019-05-30 14:31:23 -0400)
[INFO    ] 
[INFO    ] 'skymatch' task will apply computed sky differences to input image file(s).
[INFO    ] 
[INFO    ] NOTE: Computed sky values WILL NOT be subtracted from image data ('subtractsky'=False).
[INFO    ] 'MDRIZSKY' header keyword will represent sky value *computed* from data.
[INFO    ] 
[INFO    ] -----  User specified keywords:  -----
[INFO    ]        Sky Value Keyword:  'MDRIZSKY'
[INFO    ]        Data Units Keyword: 'BUNIT'
[INFO    ] 
[INFO    ] 
[INFO    ] -----  Input file list:  -----
[INFO    ] 
[INFO    ]    **  Input image: 'ick901hzq_flt.fits'
[INFO    ]        EXT: 'SCI',1;	MASK: ick901hzq_skymatch_mask_sci1.fits[0]
[INFO    ] 
[INFO    ]    **  Input image: 'ick901i7q_flt.fits'
[INFO    ]        EXT: 'SCI',1;	MASK: ick901i7q_skymatch_mask_sci1.fits[0]
[INFO    ] 
[INFO    ]    **  Input image: 'ick902n9q_flt.fits'
[INFO    ]        EXT: 'SCI',1;	MASK: ick902n9q_skymatch_mask_sci1.fits[0]
[INFO    ] 
[INFO    ]    **  Input image: 'ick902neq_flt.fits'
[INFO    ]        EXT: 'SCI',1;	MASK: ick902neq_skymatch_mask_sci1.fits[0]
[INFO    ] 
[INFO    ]    **  Input image: 'ick903n4q_flt.fits'
[INFO    ]        EXT: 'SCI',1;	MASK: ick903n4q_skymatch_mask_sci1.fits[0]
[INFO    ] 
[INFO    ]    **  Input image: 'ick903ncq_flt.fits'
[INFO    ]        EXT: 'SCI',1;	MASK: ick903ncq_skymatch_mask_sci1.fits[0]
[INFO    ] 
[INFO    ]    **  Input image: 'ick904obq_flt.fits'
[INFO    ]        EXT: 'SCI',1;	MASK: ick904obq_skymatch_mask_sci1.fits[0]
[INFO    ] 
[INFO    ]    **  Input image: 'ick904ogq_flt.fits'
[INFO    ]        EXT: 'SCI',1;	MASK: ick904ogq_skymatch_mask_sci1.fits[0]
[INFO    ] 
[INFO    ] -----  Sky statistics parameters:  -----
[INFO    ]        statistics function: 'median'
[INFO    ]        lower = None
[INFO    ]        upper = None
[INFO    ]        nclip = 5
[INFO    ]        lsigma = 4.0
[INFO    ]        usigma = 4.0
[INFO    ]        binwidth = 0.1
[INFO    ] 
[INFO    ] -----  Data->Brightness conversion parameters for input files:  -----
[INFO    ] 
[INFO    ]    *   Image: ick901hzq_flt.fits
[INFO    ]        EXT = 'SCI',1
[INFO    ]              Data units type: COUNT-RATE
[INFO    ]              Conversion factor (data->brightness):  60.797431635711504
[INFO    ] 
[INFO    ]    *   Image: ick901i7q_flt.fits
[INFO    ]        EXT = 'SCI',1
[INFO    ]              Data units type: COUNT-RATE
[INFO    ]              Conversion factor (data->brightness):  60.797431635711504
[INFO    ] 
[INFO    ]    *   Image: ick902n9q_flt.fits
[INFO    ]        EXT = 'SCI',1
[INFO    ]              Data units type: COUNT-RATE
[INFO    ]              Conversion factor (data->brightness):  60.797431635711504
[INFO    ] 
[INFO    ]    *   Image: ick902neq_flt.fits
[INFO    ]        EXT = 'SCI',1
[INFO    ]              Data units type: COUNT-RATE
[INFO    ]              Conversion factor (data->brightness):  60.797431635711504
[INFO    ] 
[INFO    ]    *   Image: ick903n4q_flt.fits
[INFO    ]        EXT = 'SCI',1
[INFO    ]              Data units type: COUNT-RATE
[INFO    ]              Conversion factor (data->brightness):  60.797431635711504
[INFO    ] 
[INFO    ]    *   Image: ick903ncq_flt.fits
[INFO    ]        EXT = 'SCI',1
[INFO    ]              Data units type: COUNT-RATE
[INFO    ]              Conversion factor (data->brightness):  60.797431635711504
[INFO    ] 
[INFO    ]    *   Image: ick904obq_flt.fits
[INFO    ]        EXT = 'SCI',1
[INFO    ]              Data units type: COUNT-RATE
[INFO    ]              Conversion factor (data->brightness):  60.797431635711504
[INFO    ] 
[INFO    ]    *   Image: ick904ogq_flt.fits
[INFO    ]        EXT = 'SCI',1
[INFO    ]              Data units type: COUNT-RATE
[INFO    ]              Conversion factor (data->brightness):  60.797431635711504
[INFO    ] 
[INFO    ] 
[INFO    ] -----  Computing differences in sky values in overlapping regions:  -----
[INFO    ] 
[INFO    ]    *   Image 'ick901hzq_flt.fits['SCI',1]' SKY = 0.909056 [brightness units]
[INFO    ]        Updating sky of image extension(s) [data units]:
[INFO    ]        -  EXT = 'SCI',1   delta(MDRIZSKY) = 0.0149522
[INFO    ] 
[INFO    ]    *   Image 'ick901i7q_flt.fits['SCI',1]' SKY = 0 [brightness units]
[INFO    ]        Updating sky of image extension(s) [data units]:
[INFO    ]        -  EXT = 'SCI',1   delta(MDRIZSKY) = 0
[INFO    ] 
[INFO    ]    *   Image 'ick902n9q_flt.fits['SCI',1]' SKY = 5.1395 [brightness units]
[INFO    ]        Updating sky of image extension(s) [data units]:
[INFO    ]        -  EXT = 'SCI',1   delta(MDRIZSKY) = 0.0845349
[INFO    ] 
[INFO    ]    *   Image 'ick902neq_flt.fits['SCI',1]' SKY = 4.33121 [brightness units]
[INFO    ]        Updating sky of image extension(s) [data units]:
[INFO    ]        -  EXT = 'SCI',1   delta(MDRIZSKY) = 0.0712401
[INFO    ] 
[INFO    ]    *   Image 'ick903n4q_flt.fits['SCI',1]' SKY = 6.07881 [brightness units]
[INFO    ]        Updating sky of image extension(s) [data units]:
[INFO    ]        -  EXT = 'SCI',1   delta(MDRIZSKY) = 0.0999846
[INFO    ] 
[INFO    ]    *   Image 'ick903ncq_flt.fits['SCI',1]' SKY = 3.66233 [brightness units]
[INFO    ]        Updating sky of image extension(s) [data units]:
[INFO    ]        -  EXT = 'SCI',1   delta(MDRIZSKY) = 0.0602382
[INFO    ] 
[INFO    ]    *   Image 'ick904obq_flt.fits['SCI',1]' SKY = 7.80339 [brightness units]
[INFO    ]        Updating sky of image extension(s) [data units]:
[INFO    ]        -  EXT = 'SCI',1   delta(MDRIZSKY) = 0.128351
[INFO    ] 
[INFO    ]    *   Image 'ick904ogq_flt.fits['SCI',1]' SKY = 5.39118 [brightness units]
[INFO    ]        Updating sky of image extension(s) [data units]:
[INFO    ]        -  EXT = 'SCI',1   delta(MDRIZSKY) = 0.0886744
[INFO    ] 
[INFO    ] ***** skymatch ended on 2019-12-18 01:15:17.841066
[INFO    ] TOTAL RUN TIME: 0:00:04.199914
[INFO    ] ==== Processing Step  Subtract Sky  finished at  01:15:17.998 (18/12/2019)
[INFO    ] 
[INFO    ] ==== Processing Step  Separate Drizzle  started at  01:15:18.001 (18/12/2019)
[INFO    ] Single drizzle step not performed.
[INFO    ] ==== Processing Step  Separate Drizzle  finished at  01:15:18.002 (18/12/2019)
[INFO    ] 
[INFO    ] ==== Processing Step  Create Median  started at  01:15:18.004 (18/12/2019)
[INFO    ] Median combination step not performed.
[INFO    ] ==== Processing Step  Blot  started at  01:15:18.006 (18/12/2019)
[INFO    ] Blot step not performed.
[INFO    ] ==== Processing Step  Blot  finished at  01:15:18.008 (18/12/2019)
[INFO    ] 
[INFO    ] ==== Processing Step  Driz_CR  started at  01:15:18.009 (18/12/2019)
[INFO    ] Cosmic-ray identification (driz_cr) step not performed.
[INFO    ] ==== Processing Step  Final Drizzle  started at  01:15:18.011 (18/12/2019)
[INFO    ] Interpreted paramDict with single=False as:
{'build': False, 'stepsize': 10, 'coeffs': True, 'wcskey': '', 'wht_type': 'EXP', 'kernel': 'square', 'wt_scl': 'exptime', 'pixfrac': 1.0, 'fillval': None, 'maskval': None, 'bits': 64, 'units': 'cps'}
[INFO    ] USER INPUT PARAMETERS for Final Drizzle Step:
[INFO    ] 	bits :	64
[INFO    ] 	build :	False
[INFO    ] 	clean :	True
[INFO    ] 	coeffs :	True
[INFO    ] 	crbit :	4096
[INFO    ] 	fillval :	None
[INFO    ] 	kernel :	square
[INFO    ] 	maskval :	None
[INFO    ] 	pixfrac :	1.0
[INFO    ] 	proc_unit :	native
[INFO    ] 	stepsize :	10
[INFO    ] 	units :	cps
[INFO    ] 	wcskey :	
[INFO    ] 	wht_type :	EXP
[INFO    ] 	wt_scl :	exptime
[INFO    ]   **Using sub-sampling value of 10 for kernel square
[INFO    ] Running Drizzle to create output frame with WCS of: 
[INFO    ] WCS Keywords
[INFO    ] 
[INFO    ] Number of WCS axes: 2
[INFO    ] CTYPE : 'RA---TAN'  'DEC--TAN'  
[INFO    ] CRVAL : 274.721587  -13.841549  
[INFO    ] CRPIX : 2000.5  2250.5  
[INFO    ] CD1_1 CD1_2  : -1.8203378761977594e-05  -1.2746143030023248e-05  
[INFO    ] CD2_1 CD2_2  : -1.2746143030023248e-05  1.8203378761977594e-05  
[INFO    ] NAXIS : 4000  4500
[INFO    ] -Drizzle input: ick901hzq_flt.fits[sci,1]
[INFO    ] Applying sky value of 0.014952 to ick901hzq_flt.fits[sci,1]
[WARNING ] No CR mask file found! Input DQ array not updated.
[INFO    ] Applying EXPTIME weighting to DQ mask for chip 1
[INFO    ] Using WCSLIB-based coordinate transformation...
[INFO    ] stepsize = 10
[INFO    ] -Drizzling using kernel = square

[INFO    ] -Drizzle input: ick901i7q_flt.fits[sci,1]
[INFO    ] Applying sky value of 0.000000 to ick901i7q_flt.fits[sci,1]
[WARNING ] No CR mask file found! Input DQ array not updated.
[INFO    ] Applying EXPTIME weighting to DQ mask for chip 1
[INFO    ] Using WCSLIB-based coordinate transformation...
[INFO    ] stepsize = 10
[INFO    ] -Drizzling using kernel = square

[INFO    ] -Drizzle input: ick902n9q_flt.fits[sci,1]
[INFO    ] Applying sky value of 0.084535 to ick902n9q_flt.fits[sci,1]
[WARNING ] No CR mask file found! Input DQ array not updated.
[INFO    ] Applying EXPTIME weighting to DQ mask for chip 1
[INFO    ] Using WCSLIB-based coordinate transformation...
[INFO    ] stepsize = 10
[INFO    ] -Drizzling using kernel = square

[INFO    ] -Drizzle input: ick902neq_flt.fits[sci,1]
[INFO    ] Applying sky value of 0.071240 to ick902neq_flt.fits[sci,1]
[WARNING ] No CR mask file found! Input DQ array not updated.
[INFO    ] Applying EXPTIME weighting to DQ mask for chip 1
[INFO    ] Using WCSLIB-based coordinate transformation...
[INFO    ] stepsize = 10
[INFO    ] -Drizzling using kernel = square

[INFO    ] -Drizzle input: ick903n4q_flt.fits[sci,1]
[INFO    ] Applying sky value of 0.099985 to ick903n4q_flt.fits[sci,1]
[WARNING ] No CR mask file found! Input DQ array not updated.
[INFO    ] Applying EXPTIME weighting to DQ mask for chip 1
[INFO    ] Using WCSLIB-based coordinate transformation...
[INFO    ] stepsize = 10
[INFO    ] -Drizzling using kernel = square

[INFO    ] -Drizzle input: ick903ncq_flt.fits[sci,1]
[INFO    ] Applying sky value of 0.060238 to ick903ncq_flt.fits[sci,1]
[WARNING ] No CR mask file found! Input DQ array not updated.
[INFO    ] Applying EXPTIME weighting to DQ mask for chip 1
[INFO    ] Using WCSLIB-based coordinate transformation...
[INFO    ] stepsize = 10
[INFO    ] -Drizzling using kernel = square

[INFO    ] -Drizzle input: ick904obq_flt.fits[sci,1]
[INFO    ] Applying sky value of 0.128351 to ick904obq_flt.fits[sci,1]
[WARNING ] No CR mask file found! Input DQ array not updated.
[INFO    ] Applying EXPTIME weighting to DQ mask for chip 1
[INFO    ] Using WCSLIB-based coordinate transformation...
[INFO    ] stepsize = 10
[INFO    ] -Drizzling using kernel = square

[INFO    ] -Drizzle input: ick904ogq_flt.fits[sci,1]
[INFO    ] Applying sky value of 0.088674 to ick904ogq_flt.fits[sci,1]
[WARNING ] No CR mask file found! Input DQ array not updated.
[INFO    ] Applying EXPTIME weighting to DQ mask for chip 1
[INFO    ] Using WCSLIB-based coordinate transformation...
[INFO    ] stepsize = 10
[INFO    ] -Drizzling using kernel = square

[INFO    ] -Generating simple FITS output: f160w_drz_sci.fits
[INFO    ] Writing out image to disk: f160w_drz_sci.fits
[INFO    ] Writing out image to disk: f160w_drz_wht.fits
[INFO    ] ==== Processing Step  Final Drizzle  finished at  01:15:22.731 (18/12/2019)
[INFO    ] 
[INFO    ] 
[INFO    ] AstroDrizzle Version 3.1.3 is finished processing at 01:15:22.734 (18/12/2019).
[INFO    ] 
[INFO    ] 
[INFO    ]    --------------------          --------------------
[INFO    ]                    Step          Elapsed time
[INFO    ]    --------------------          --------------------
[INFO    ] 
[INFO    ]          Initialization          1.1355 sec.
[INFO    ]             Static Mask          0.2027 sec.
[INFO    ]            Subtract Sky          4.5016 sec.
[INFO    ]        Separate Drizzle          0.0016 sec.
[INFO    ]           Create Median          0.0000 sec.
[INFO    ]                    Blot          0.0017 sec.
[INFO    ]                 Driz_CR          0.0000 sec.
[INFO    ]           Final Drizzle          4.7198 sec.
[INFO    ]    ====================          ====================
[INFO    ]                   Total          10.5628 sec.
[INFO    ] Removing intermediate files for ick901hzq_flt.fits
[INFO    ] Removing intermediate files for ick901i7q_flt.fits
[INFO    ] Removing intermediate files for ick902n9q_flt.fits
[INFO    ] Removing intermediate files for ick902neq_flt.fits
[INFO    ] Removing intermediate files for ick903n4q_flt.fits
[INFO    ] Removing intermediate files for ick903ncq_flt.fits
[INFO    ] Removing intermediate files for ick904obq_flt.fits
[INFO    ] Removing intermediate files for ick904ogq_flt.fits
[INFO    ] Trailer file written to:  astrodrizzle.log
