[INFO    ] Setting up logfile :  tweakreg.log
[INFO    ] TweakReg Version 1.4.7(18-April-2018) started at: 01:14:57.528 (18/12/2019) 
[INFO    ] 
[INFO    ] Version Information
[INFO    ] --------------------
[INFO    ] Python Version [Clang 4.0.1 (tags/RELEASE_401/final)]
[INFO    ] 3.7.5 (default, Oct 25 2019, 10:52:18) 
[INFO    ] numpy Version -> 1.17.4 
[INFO    ] astropy Version -> 3.2.3 
[INFO    ] stwcs Version -> 1.5.3 
[INFO    ] 
[INFO    ] USER INPUT PARAMETERS common to all Processing Steps:
[INFO    ] 	clean :	False
[INFO    ] 	enforce_user_order :	False
[INFO    ] 	exclusions :	
[INFO    ] 	expand_refcat :	True
[INFO    ] 	input :	*flt.fits
[INFO    ] 	interactive :	False
[INFO    ] 	refimage :	
[INFO    ] 	runfile :	tweakreg.log
[INFO    ] 	updatewcs :	False
[INFO    ] 	verbose :	False
[INFO    ] 	writecat :	True
[INFO    ] 
[INFO    ] Finding shifts for: 
[INFO    ]     ick901hzq_flt.fits
[INFO    ]     ick901i7q_flt.fits
[INFO    ]     ick902n9q_flt.fits
[INFO    ]     ick902neq_flt.fits
[INFO    ]     ick903n4q_flt.fits
[INFO    ]     ick903ncq_flt.fits
[INFO    ]     ick904obq_flt.fits
[INFO    ]     ick904ogq_flt.fits
[INFO    ] 
[INFO    ] USER INPUT PARAMETERS for finding sources for each input image:
[INFO    ] 	clean :	False
[INFO    ] 	computesig :	True
[INFO    ] 	conv_width :	2.5
[INFO    ] 	dqbits :	
[INFO    ] 	enforce_user_order :	False
[INFO    ] 	expand_refcat :	True
[INFO    ] 	fluxmax :	None
[INFO    ] 	fluxmin :	None
[INFO    ] 	input :	*flt.fits
[INFO    ] 	interactive :	False
[INFO    ] 	nsigma :	1.5
[INFO    ] 	peakmax :	None
[INFO    ] 	peakmin :	None
[INFO    ] 	ratio :	1.0
[INFO    ] 	refimage :	
[INFO    ] 	roundhi :	1.0
[INFO    ] 	roundlo :	-1.0
[INFO    ] 	runfile :	tweakreg.log
[INFO    ] 	sharphi :	1.0
[INFO    ] 	sharplo :	0.2
[INFO    ] 	skysigma :	0.0
[INFO    ] 	theta :	0.0
[INFO    ] 	threshold :	50
[INFO    ] 	updatehdr :	True
[INFO    ] 	updatewcs :	False
[INFO    ] 	use_sharp_round :	False
[INFO    ] 	verbose :	False
[INFO    ] 	writecat :	True
[INFO    ] 	xyunits :	pixels
[INFO    ] 
[INFO    ] ===  Source finding for image 'ick901hzq_flt.fits':
[INFO    ]   #  Source finding for 'ick901hzq_flt.fits', EXT=('SCI', 1) started at: 01:14:57.614 (18/12/2019)
[INFO    ]    Finding sources using sky sigma = 3.025950
[INFO    ] ###Source finding finished at: 01:14:57.735 (18/12/2019)
[INFO    ]      Found 546 objects.
[INFO    ] ===  FINAL number of objects in image 'ick901hzq_flt.fits': 546
[INFO    ] 
[INFO    ] ===  Source finding for image 'ick901i7q_flt.fits':
[INFO    ]   #  Source finding for 'ick901i7q_flt.fits', EXT=('SCI', 1) started at: 01:14:57.805 (18/12/2019)
[INFO    ]    Finding sources using sky sigma = 3.064600
[INFO    ] ###Source finding finished at: 01:14:57.942 (18/12/2019)
[INFO    ]      Found 521 objects.
[INFO    ] ===  FINAL number of objects in image 'ick901i7q_flt.fits': 521
[INFO    ] 
[INFO    ] ===  Source finding for image 'ick902n9q_flt.fits':
[INFO    ]   #  Source finding for 'ick902n9q_flt.fits', EXT=('SCI', 1) started at: 01:14:58.015 (18/12/2019)
[INFO    ]    Finding sources using sky sigma = 3.445831
[INFO    ] ###Source finding finished at: 01:14:58.152 (18/12/2019)
[INFO    ]      Found 574 objects.
[INFO    ] ===  FINAL number of objects in image 'ick902n9q_flt.fits': 574
[INFO    ] 
[INFO    ] ===  Source finding for image 'ick902neq_flt.fits':
[INFO    ]   #  Source finding for 'ick902neq_flt.fits', EXT=('SCI', 1) started at: 01:14:58.225 (18/12/2019)
[INFO    ]    Finding sources using sky sigma = 3.447646
[INFO    ] ###Source finding finished at: 01:14:58.360 (18/12/2019)
[INFO    ]      Found 602 objects.
[INFO    ] ===  FINAL number of objects in image 'ick902neq_flt.fits': 602
[INFO    ] 
[INFO    ] ===  Source finding for image 'ick903n4q_flt.fits':
[INFO    ]   #  Source finding for 'ick903n4q_flt.fits', EXT=('SCI', 1) started at: 01:14:58.445 (18/12/2019)
[INFO    ]    Finding sources using sky sigma = 3.500067
[INFO    ] ###Source finding finished at: 01:14:58.555 (18/12/2019)
[INFO    ]      Found 479 objects.
[INFO    ] ===  FINAL number of objects in image 'ick903n4q_flt.fits': 479
[INFO    ] 
[INFO    ] ===  Source finding for image 'ick903ncq_flt.fits':
[INFO    ]   #  Source finding for 'ick903ncq_flt.fits', EXT=('SCI', 1) started at: 01:14:58.62 (18/12/2019)
[INFO    ]    Finding sources using sky sigma = 3.463412
[INFO    ] ###Source finding finished at: 01:14:58.74 (18/12/2019)
[INFO    ]      Found 495 objects.
[INFO    ] ===  FINAL number of objects in image 'ick903ncq_flt.fits': 495
[INFO    ] 
[INFO    ] ===  Source finding for image 'ick904obq_flt.fits':
[INFO    ]   #  Source finding for 'ick904obq_flt.fits', EXT=('SCI', 1) started at: 01:14:58.818 (18/12/2019)
[INFO    ]    Finding sources using sky sigma = 3.431873
[INFO    ] ###Source finding finished at: 01:14:58.935 (18/12/2019)
[INFO    ]      Found 476 objects.
[INFO    ] ===  FINAL number of objects in image 'ick904obq_flt.fits': 476
[INFO    ] 
[INFO    ] ===  Source finding for image 'ick904ogq_flt.fits':
[INFO    ]   #  Source finding for 'ick904ogq_flt.fits', EXT=('SCI', 1) started at: 01:14:59.002 (18/12/2019)
[INFO    ]    Finding sources using sky sigma = 3.437439
[INFO    ] ###Source finding finished at: 01:14:59.119 (18/12/2019)
[INFO    ]      Found 445 objects.
[INFO    ] ===  FINAL number of objects in image 'ick904ogq_flt.fits': 445
[INFO    ] 
[INFO    ] Converting RA/Dec positions of reference sources from "ick902neq_flt.fits" to X,Y positions in reference WCS...
[INFO    ] 
[INFO    ] ===============================================================
[INFO    ] Performing alignment in the projection plane defined by the WCS
[INFO    ] derived from 'ick902neq_flt.fits'
[INFO    ] ===============================================================
[INFO    ] 
[INFO    ] USER INPUT PARAMETERS for matching sources:
[INFO    ] 	minobj :	15
[INFO    ] 	residplot :	both
[INFO    ] 	searchrad :	2.0
[INFO    ] 	searchunits :	arcseconds
[INFO    ] 	see2dplot :	True
[INFO    ] 	separation :	0.5
[INFO    ] 	tolerance :	1.0
[INFO    ] 	use2dhist :	True
[INFO    ] 	xoffset :	0.0
[INFO    ] 	yoffset :	0.0
[INFO    ] 
[INFO    ] USER INPUT PARAMETERS for fitting source lists:
[INFO    ] 	fitgeometry :	rscale
[INFO    ] 	labelsize :	8
[INFO    ] 	minobj :	15
[INFO    ] 	nclip :	3
[INFO    ] 	residplot :	both
[INFO    ] 	sigma :	3.0
[INFO    ] 	ylimit :	0.3
[INFO    ] 
[INFO    ] USER INPUT PARAMETERS for creating a shiftfile:
[INFO    ] 	outshifts :	shift160_flt.txt
[INFO    ] 	outwcs :	shifts_wcs.fits
[INFO    ] 	shiftfile :	True
[INFO    ] 
[INFO    ] ====================
[INFO    ] Performing fit for: ick902n9q_flt.fits
[INFO    ] 
[INFO    ] Matching sources from 'ick902n9q_flt.fits' with sources from reference image 'ick902neq_flt.fits'
[INFO    ] Computing initial guess for X and Y shifts...
[INFO    ] Found initial X and Y shifts of 0.3511, 0.413 with significance of 243.6 and 523 matches
[INFO    ] Found 497 matches for ick902n9q_flt.fits...
[INFO    ] Performing "rscale" fit
[INFO    ] Performing "rscale" fit
[INFO    ] Performing "rscale" fit
[INFO    ] Performing "rscale" fit
[INFO    ] Computed  rscale  fit for  ick902n9q_flt.fits : 
[INFO    ] XSH: 0.0283  YSH: 0.0871    ROT: 359.9997166    SCALE: 0.999998
[INFO    ] FIT XRMS: 0.062      FIT YRMS: 0.045  
[INFO    ] FIT RMSE: 0.076      FIT MAE: 0.067  
[INFO    ] 
[INFO    ] RMS_RA: 2.8e-06 (deg)   RMS_DEC: 3.8e-08 (deg)
[INFO    ] 
[INFO    ] Final solution based on  484  objects.
[INFO    ] Creating catalog for the fit: ick902n9q_flt_catalog_fit.match
[INFO    ] wrote XY data to:  ick902n9q_flt_catalog_fit.match
[INFO    ] Total # points: 484
[INFO    ] # of points after clipping: 484
[INFO    ] Total # points: 484
[INFO    ] # of points after clipping: 484
[INFO    ] Adding 77 new sources to the reference catalog for a total of 679 sources.
[INFO    ] 
[INFO    ] ....Updating header for ick902n9q_flt.fits...
[INFO    ] 
[INFO    ] 
[INFO    ] Processing ick902n9q_flt.fits['SCI',1]
[INFO    ] 
[INFO    ] Updating header for ick902n9q_flt.fits[1]
[INFO    ]     with WCS of
[INFO    ] WCS Keywords
[INFO    ] 
[INFO    ] CD_11  CD_12: -3.0746687980549666e-05 -1.944898804450751e-05
[INFO    ] CD_21  CD_22: -2.167203979096355e-05 2.7397649117051992e-05
[INFO    ] CRVAL    : 274.72154551886143 -13.81194567131028
[INFO    ] CRPIX    : 507.0 507.0
[INFO    ] NAXIS    : 1014 1014
[INFO    ] Plate Scale : 0.13542084317230305
[INFO    ] ORIENTAT : -35.37010378368161
[INFO    ] WCSNAME  :  IR_FLT
[INFO    ]     Writing out new WCS to alternate WCS: "B"
[INFO    ] Updating WCSCORR table with new WCS solution "IR_FLT"
[WARNING ] /Users/etollerud/miniconda3/envs/nb-build/lib/python3.7/site-packages/astropy/io/fits/card.py:267: VerifyWarning: Keyword name 'IDCSCALEB' is greater than 8 characters or contains characters not allowed by the FITS standard; a HIERARCH card will be created.
  keyword), VerifyWarning)

[INFO    ] 
[INFO    ] ====================
[INFO    ] Performing fit for: ick904obq_flt.fits
[INFO    ] 
[INFO    ] Matching sources from 'ick904obq_flt.fits' with sources from reference image 'ick902neq_flt.fits'
[INFO    ] Computing initial guess for X and Y shifts...
[INFO    ] Found initial X and Y shifts of -8.609, -12.53 with significance of 59.8 and 67 matches
[INFO    ] Found 67 matches for ick904obq_flt.fits...
[INFO    ] Performing "rscale" fit
[INFO    ] Performing "rscale" fit
[INFO    ] Performing "rscale" fit
[INFO    ] Performing "rscale" fit
[INFO    ] Computed  rscale  fit for  ick904obq_flt.fits : 
[INFO    ] XSH: -8.7467  YSH: -12.1249    ROT: 359.9972177    SCALE: 0.999916
[INFO    ] FIT XRMS: 0.049      FIT YRMS: 0.043  
[INFO    ] FIT RMSE: 0.066      FIT MAE: 0.058  
[INFO    ] 
[INFO    ] RMS_RA: 2.4e-06 (deg)   RMS_DEC: 2.6e-07 (deg)
[INFO    ] 
[INFO    ] Final solution based on  63  objects.
[INFO    ] Creating catalog for the fit: ick904obq_flt_catalog_fit.match
[INFO    ] wrote XY data to:  ick904obq_flt_catalog_fit.match
[INFO    ] Total # points: 63
[INFO    ] # of points after clipping: 63
[INFO    ] Total # points: 63
[INFO    ] # of points after clipping: 63
[INFO    ] Adding 409 new sources to the reference catalog for a total of 1089 sources.
[INFO    ] 
[INFO    ] ....Updating header for ick904obq_flt.fits...
[INFO    ] 
[INFO    ] 
[INFO    ] Processing ick904obq_flt.fits['SCI',1]
[INFO    ] 
[INFO    ] Updating header for ick904obq_flt.fits[1]
[INFO    ]     with WCS of
[INFO    ] WCS Keywords
[INFO    ] 
[INFO    ] CD_11  CD_12: -3.0746462270943204e-05 -1.9453855479772394e-05
[INFO    ] CD_21  CD_22: -2.1677489964537746e-05 2.739743111451306e-05
[INFO    ] CRVAL    : 274.7403672832194 -13.838256728736926
[INFO    ] CRPIX    : 507.0 507.0
[INFO    ] NAXIS    : 1014 1014
[INFO    ] Plate Scale : 0.1354204049729195
[INFO    ] ORIENTAT : -35.37708677824521
[INFO    ] WCSNAME  :  IR_FLT
[INFO    ]     Writing out new WCS to alternate WCS: "B"
[INFO    ] Updating WCSCORR table with new WCS solution "IR_FLT"
[WARNING ] /Users/etollerud/miniconda3/envs/nb-build/lib/python3.7/site-packages/astropy/io/fits/card.py:267: VerifyWarning: Keyword name 'IDCSCALEB' is greater than 8 characters or contains characters not allowed by the FITS standard; a HIERARCH card will be created.
  keyword), VerifyWarning)

[INFO    ] 
[INFO    ] ====================
[INFO    ] Performing fit for: ick904ogq_flt.fits
[INFO    ] 
[INFO    ] Matching sources from 'ick904ogq_flt.fits' with sources from reference image 'ick902neq_flt.fits'
[INFO    ] Computing initial guess for X and Y shifts...
[INFO    ] WARNING: Found peak in the 2D histogram lies at the edge of the histogram. Try increasing 'searchrad' for improved results.
[INFO    ] Found initial X and Y shifts of -8.595, -12.59 with significance of 369.4 and 404 matches
[INFO    ] Found 402 matches for ick904ogq_flt.fits...
[INFO    ] Performing "rscale" fit
[INFO    ] Performing "rscale" fit
[INFO    ] Performing "rscale" fit
[INFO    ] Performing "rscale" fit
[INFO    ] Computed  rscale  fit for  ick904ogq_flt.fits : 
[INFO    ] XSH: -8.7899  YSH: -12.2218    ROT: 359.9978391    SCALE: 1.000070
[INFO    ] FIT XRMS: 0.063      FIT YRMS: 0.044  
[INFO    ] FIT RMSE: 0.077      FIT MAE: 0.068  
[INFO    ] 
[INFO    ] RMS_RA: 2.8e-06 (deg)   RMS_DEC: 6.4e-09 (deg)
[INFO    ] 
[INFO    ] Final solution based on  388  objects.
[INFO    ] Creating catalog for the fit: ick904ogq_flt_catalog_fit.match
[INFO    ] wrote XY data to:  ick904ogq_flt_catalog_fit.match
[INFO    ] Total # points: 388
[INFO    ] # of points after clipping: 388
[INFO    ] Total # points: 388
[INFO    ] # of points after clipping: 388
[INFO    ] Adding 43 new sources to the reference catalog for a total of 1132 sources.
[INFO    ] 
[INFO    ] ....Updating header for ick904ogq_flt.fits...
[INFO    ] 
[INFO    ] 
[INFO    ] Processing ick904ogq_flt.fits['SCI',1]
[INFO    ] 
[INFO    ] Updating header for ick904ogq_flt.fits[1]
[INFO    ]     with WCS of
[INFO    ] WCS Keywords
[INFO    ] 
[INFO    ] CD_11  CD_12: -3.074110172002616e-05 -1.9450214126694273e-05
[INFO    ] CD_21  CD_22: -2.167343107072346e-05 2.73926553625647e-05
[INFO    ] CRVAL    : 274.7415516856997 -13.839886013736342
[INFO    ] CRPIX    : 507.0 507.0
[INFO    ] NAXIS    : 1014 1014
[INFO    ] Plate Scale : 0.13541699262772708
[INFO    ] ORIENTAT : -35.37673875478464
[INFO    ] WCSNAME  :  IR_FLT
[INFO    ]     Writing out new WCS to alternate WCS: "B"
[INFO    ] Updating WCSCORR table with new WCS solution "IR_FLT"
[WARNING ] /Users/etollerud/miniconda3/envs/nb-build/lib/python3.7/site-packages/astropy/io/fits/card.py:267: VerifyWarning: Keyword name 'IDCSCALEB' is greater than 8 characters or contains characters not allowed by the FITS standard; a HIERARCH card will be created.
  keyword), VerifyWarning)

[INFO    ] 
[INFO    ] ====================
[INFO    ] Performing fit for: ick901hzq_flt.fits
[INFO    ] 
[INFO    ] Matching sources from 'ick901hzq_flt.fits' with sources from reference image 'ick902neq_flt.fits'
[INFO    ] Computing initial guess for X and Y shifts...
[INFO    ] Found initial X and Y shifts of -0.6966, 0.3851 with significance of 43.36 and 49 matches
[INFO    ] Found 47 matches for ick901hzq_flt.fits...
[INFO    ] Performing "rscale" fit
[INFO    ] Performing "rscale" fit
[INFO    ] Performing "rscale" fit
[INFO    ] Performing "rscale" fit
[INFO    ] Computed  rscale  fit for  ick901hzq_flt.fits : 
[INFO    ] XSH: -0.1605  YSH: 0.4208    ROT: 359.9994872    SCALE: 1.000078
[INFO    ] FIT XRMS: 0.058      FIT YRMS: 0.04   
[INFO    ] FIT RMSE: 0.07       FIT MAE: 0.06   
[INFO    ] 
[INFO    ] RMS_RA: 2.6e-06 (deg)   RMS_DEC: 2.6e-09 (deg)
[INFO    ] 
[INFO    ] Final solution based on  44  objects.
[INFO    ] Creating catalog for the fit: ick901hzq_flt_catalog_fit.match
[INFO    ] wrote XY data to:  ick901hzq_flt_catalog_fit.match
[INFO    ] Total # points: 44
[INFO    ] # of points after clipping: 44
[INFO    ] Total # points: 44
[INFO    ] # of points after clipping: 44
[INFO    ] Adding 499 new sources to the reference catalog for a total of 1631 sources.
[INFO    ] 
[INFO    ] ....Updating header for ick901hzq_flt.fits...
[INFO    ] 
[INFO    ] 
[INFO    ] Processing ick901hzq_flt.fits['SCI',1]
[INFO    ] 
[INFO    ] Updating header for ick901hzq_flt.fits[1]
[INFO    ]     with WCS of
[INFO    ] WCS Keywords
[INFO    ] 
[INFO    ] CD_11  CD_12: -3.07468176087531e-05 -1.944419986856476e-05
[INFO    ] CD_21  CD_22: -2.1666678607723477e-05 2.7397780936008113e-05
[INFO    ] CRVAL    : 274.6923454757746 -13.832060430082462
[INFO    ] CRPIX    : 507.0 507.0
[INFO    ] NAXIS    : 1014 1014
[INFO    ] Plate Scale : 0.13542093524327747
[INFO    ] ORIENTAT : -35.36331498805513
[INFO    ] WCSNAME  :  IR_FLT
[INFO    ]     Writing out new WCS to alternate WCS: "B"
[INFO    ] Updating WCSCORR table with new WCS solution "IR_FLT"
[WARNING ] /Users/etollerud/miniconda3/envs/nb-build/lib/python3.7/site-packages/astropy/io/fits/card.py:267: VerifyWarning: Keyword name 'IDCSCALEB' is greater than 8 characters or contains characters not allowed by the FITS standard; a HIERARCH card will be created.
  keyword), VerifyWarning)

[INFO    ] 
[INFO    ] ====================
[INFO    ] Performing fit for: ick901i7q_flt.fits
[INFO    ] 
[INFO    ] Matching sources from 'ick901i7q_flt.fits' with sources from reference image 'ick902neq_flt.fits'
[INFO    ] Computing initial guess for X and Y shifts...
[INFO    ] Found initial X and Y shifts of -0.6841, -0.1511 with significance of 428 and 478 matches
[INFO    ] Found 468 matches for ick901i7q_flt.fits...
[INFO    ] Performing "rscale" fit
[INFO    ] Performing "rscale" fit
[INFO    ] Performing "rscale" fit
[INFO    ] Performing "rscale" fit
[INFO    ] Computed  rscale  fit for  ick901i7q_flt.fits : 
[INFO    ] XSH: -0.2090  YSH: 0.3664    ROT: 0.0005350652511    SCALE: 0.999926
[INFO    ] FIT XRMS: 0.061      FIT YRMS: 0.053  
[INFO    ] FIT RMSE: 0.081      FIT MAE: 0.071  
[INFO    ] 
[INFO    ] RMS_RA: 3e-06 (deg)   RMS_DEC: 3e-07 (deg)
[INFO    ] 
[INFO    ] Final solution based on  454  objects.
[INFO    ] Creating catalog for the fit: ick901i7q_flt_catalog_fit.match
[INFO    ] wrote XY data to:  ick901i7q_flt_catalog_fit.match
[INFO    ] Total # points: 454
[INFO    ] # of points after clipping: 454
[INFO    ] Total # points: 454
[INFO    ] # of points after clipping: 454
[INFO    ] Adding 53 new sources to the reference catalog for a total of 1685 sources.
[INFO    ] 
[INFO    ] ....Updating header for ick901i7q_flt.fits...
[INFO    ] 
[INFO    ] 
[INFO    ] Processing ick901i7q_flt.fits['SCI',1]
[INFO    ] 
[INFO    ] Updating header for ick901i7q_flt.fits[1]
[INFO    ]     with WCS of
[INFO    ] WCS Keywords
[INFO    ] 
[INFO    ] CD_11  CD_12: -3.07509026032097e-05 -1.9446249208983056e-05
[INFO    ] CD_21  CD_22: -2.1668959338766612e-05 2.740142272996042e-05
[INFO    ] CRVAL    : 274.69353027942645 -13.833690687569883
[INFO    ] CRPIX    : 507.0 507.0
[INFO    ] NAXIS    : 1014 1014
[INFO    ] Plate Scale : 0.1354170297413106
[INFO    ] ORIENTAT : -35.36257068725019
[INFO    ] WCSNAME  :  IR_FLT
[INFO    ]     Writing out new WCS to alternate WCS: "B"
[INFO    ] Updating WCSCORR table with new WCS solution "IR_FLT"
[WARNING ] /Users/etollerud/miniconda3/envs/nb-build/lib/python3.7/site-packages/astropy/io/fits/card.py:267: VerifyWarning: Keyword name 'IDCSCALEB' is greater than 8 characters or contains characters not allowed by the FITS standard; a HIERARCH card will be created.
  keyword), VerifyWarning)

[INFO    ] 
[INFO    ] ====================
[INFO    ] Performing fit for: ick903n4q_flt.fits
[INFO    ] 
[INFO    ] Matching sources from 'ick903n4q_flt.fits' with sources from reference image 'ick902neq_flt.fits'
[INFO    ] Computing initial guess for X and Y shifts...
[INFO    ] Found initial X and Y shifts of -6.595, -11.59 with significance of 43.92 and 65 matches
[INFO    ] Found 60 matches for ick903n4q_flt.fits...
[INFO    ] Performing "rscale" fit
[INFO    ] Performing "rscale" fit
[INFO    ] Performing "rscale" fit
[INFO    ] Performing "rscale" fit
[INFO    ] Computed  rscale  fit for  ick903n4q_flt.fits : 
[INFO    ] XSH: -6.9830  YSH: -11.9724    ROT: 359.9992107    SCALE: 0.999999
[INFO    ] FIT XRMS: 0.063      FIT YRMS: 0.049  
[INFO    ] FIT RMSE: 0.08       FIT MAE: 0.065  
[INFO    ] 
[INFO    ] RMS_RA: 2.9e-06 (deg)   RMS_DEC: 1.3e-07 (deg)
[INFO    ] 
[INFO    ] Final solution based on  57  objects.
[INFO    ] Creating catalog for the fit: ick903n4q_flt_catalog_fit.match
[INFO    ] wrote XY data to:  ick903n4q_flt_catalog_fit.match
[INFO    ] Total # points: 57
[INFO    ] # of points after clipping: 57
[INFO    ] Total # points: 57
[INFO    ] # of points after clipping: 57
[INFO    ] Adding 419 new sources to the reference catalog for a total of 2106 sources.
[INFO    ] 
[INFO    ] ....Updating header for ick903n4q_flt.fits...
[INFO    ] 
[INFO    ] 
[INFO    ] Processing ick903n4q_flt.fits['SCI',1]
[INFO    ] 
[INFO    ] Updating header for ick903n4q_flt.fits[1]
[INFO    ]     with WCS of
[INFO    ] WCS Keywords
[INFO    ] 
[INFO    ] CD_11  CD_12: -3.074733541941867e-05 -1.9447951226348044e-05
[INFO    ] CD_21  CD_22: -2.1670876841266303e-05 2.739823097493227e-05
[INFO    ] CRVAL    : 274.71121667662436 -13.858328967508076
[INFO    ] CRPIX    : 507.0 507.0
[INFO    ] NAXIS    : 1014 1014
[INFO    ] Plate Scale : 0.13542042250771777
[INFO    ] ORIENTAT : -35.36808768300701
[INFO    ] WCSNAME  :  IR_FLT
[INFO    ]     Writing out new WCS to alternate WCS: "B"
[INFO    ] Updating WCSCORR table with new WCS solution "IR_FLT"
[WARNING ] /Users/etollerud/miniconda3/envs/nb-build/lib/python3.7/site-packages/astropy/io/fits/card.py:267: VerifyWarning: Keyword name 'IDCSCALEB' is greater than 8 characters or contains characters not allowed by the FITS standard; a HIERARCH card will be created.
  keyword), VerifyWarning)

[INFO    ] 
[INFO    ] ====================
[INFO    ] Performing fit for: ick903ncq_flt.fits
[INFO    ] 
[INFO    ] Matching sources from 'ick903ncq_flt.fits' with sources from reference image 'ick902neq_flt.fits'
[INFO    ] Computing initial guess for X and Y shifts...
[INFO    ] Found initial X and Y shifts of -6.974, -11.83 with significance of 163.2 and 430 matches
[INFO    ] Found 420 matches for ick903ncq_flt.fits...
[INFO    ] Performing "rscale" fit
[INFO    ] Performing "rscale" fit
[INFO    ] Performing "rscale" fit
[INFO    ] Performing "rscale" fit
[INFO    ] Computed  rscale  fit for  ick903ncq_flt.fits : 
[INFO    ] XSH: -7.0222  YSH: -12.0374    ROT: 359.9990222    SCALE: 1.000010
[INFO    ] FIT XRMS: 0.062      FIT YRMS: 0.046  
[INFO    ] FIT RMSE: 0.078      FIT MAE: 0.068  
[INFO    ] 
[INFO    ] RMS_RA: 2.8e-06 (deg)   RMS_DEC: 7.2e-08 (deg)
[INFO    ] 
[INFO    ] Final solution based on  405  objects.
[INFO    ] Creating catalog for the fit: ick903ncq_flt_catalog_fit.match
[INFO    ] wrote XY data to:  ick903ncq_flt_catalog_fit.match
[INFO    ] Total # points: 405
[INFO    ] # of points after clipping: 405
[INFO    ] Total # points: 405
[INFO    ] # of points after clipping: 405
[INFO    ] Adding 75 new sources to the reference catalog for a total of 2181 sources.
[INFO    ] 
[INFO    ] ....Updating header for ick903ncq_flt.fits...
[INFO    ] 
[INFO    ] 
[INFO    ] Processing ick903ncq_flt.fits['SCI',1]
[INFO    ] 
[INFO    ] Updating header for ick903ncq_flt.fits[1]
[INFO    ]     with WCS of
[INFO    ] WCS Keywords
[INFO    ] 
[INFO    ] CD_11  CD_12: -3.074601642342704e-05 -1.944747052865536e-05
[INFO    ] CD_21  CD_22: -2.1670343063395045e-05 2.7397054438188253e-05
[INFO    ] CRVAL    : 274.71240556747995 -13.859959246441745
[INFO    ] CRPIX    : 507.0 507.0
[INFO    ] NAXIS    : 1014 1014
[INFO    ] Plate Scale : 0.13541699362833728
[INFO    ] ORIENTAT : -35.36858057400306
[INFO    ] WCSNAME  :  IR_FLT
[INFO    ]     Writing out new WCS to alternate WCS: "B"
[INFO    ] Updating WCSCORR table with new WCS solution "IR_FLT"
[WARNING ] /Users/etollerud/miniconda3/envs/nb-build/lib/python3.7/site-packages/astropy/io/fits/card.py:267: VerifyWarning: Keyword name 'IDCSCALEB' is greater than 8 characters or contains characters not allowed by the FITS standard; a HIERARCH card will be created.
  keyword), VerifyWarning)

[INFO    ]     Saving Primary WCS to alternate WCS: " "
[INFO    ] Updating WCSCORR table with new WCS solution "IR_FLT"
[WARNING ] /Users/etollerud/miniconda3/envs/nb-build/lib/python3.7/site-packages/astropy/io/fits/card.py:267: VerifyWarning: Keyword name 'IDCSCALEB' is greater than 8 characters or contains characters not allowed by the FITS standard; a HIERARCH card will be created.
  keyword), VerifyWarning)

[INFO    ] Writing out shiftfile : shift160_flt.txt
[INFO    ] Trailer file written to:  tweakreg.log
[INFO    ] Setting up logfile :  tweakreg.log
[INFO    ] TweakReg Version 1.4.7(18-April-2018) started at: 01:15:24.209 (18/12/2019) 
[INFO    ] 
[INFO    ] Version Information
[INFO    ] --------------------
[INFO    ] Python Version [Clang 4.0.1 (tags/RELEASE_401/final)]
[INFO    ] 3.7.5 (default, Oct 25 2019, 10:52:18) 
[INFO    ] numpy Version -> 1.17.4 
[INFO    ] astropy Version -> 3.2.3 
[INFO    ] stwcs Version -> 1.5.3 
[INFO    ] 
[INFO    ] USER INPUT PARAMETERS common to all Processing Steps:
[INFO    ] 	clean :	False
[INFO    ] 	enforce_user_order :	False
[INFO    ] 	exclusions :	
[INFO    ] 	expand_refcat :	False
[INFO    ] 	input :	*_flc.fits
[INFO    ] 	interactive :	False
[INFO    ] 	refimage :	f160w_drz_sci.fits
[INFO    ] 	runfile :	tweakreg.log
[INFO    ] 	updatewcs :	False
[INFO    ] 	verbose :	False
[INFO    ] 	writecat :	True
[INFO    ] 
[INFO    ] Finding shifts for: 
[INFO    ]     ick905k5q_flc.fits
[INFO    ]     ick905keq_flc.fits
[INFO    ]     ick905knq_flc.fits
[INFO    ]     ick906kwq_flc.fits
[INFO    ]     ick906l5q_flc.fits
[INFO    ]     ick906leq_flc.fits
[INFO    ]     ick907nkq_flc.fits
[INFO    ]     ick907o1q_flc.fits
[INFO    ]     ick907ouq_flc.fits
[INFO    ]     ick908pbq_flc.fits
[INFO    ]     ick908pkq_flc.fits
[INFO    ]     ick908ptq_flc.fits
[INFO    ] 
[INFO    ] USER INPUT PARAMETERS for finding sources for each input image:
[INFO    ] 	clean :	False
[INFO    ] 	computesig :	True
[INFO    ] 	conv_width :	3.5
[INFO    ] 	dqbits :	-4097
[INFO    ] 	enforce_user_order :	False
[INFO    ] 	expand_refcat :	False
[INFO    ] 	fluxmax :	None
[INFO    ] 	fluxmin :	None
[INFO    ] 	input :	*_flc.fits
[INFO    ] 	interactive :	False
[INFO    ] 	nsigma :	1.5
[INFO    ] 	peakmax :	None
[INFO    ] 	peakmin :	None
[INFO    ] 	ratio :	1.0
[INFO    ] 	refimage :	f160w_drz_sci.fits
[INFO    ] 	roundhi :	1.0
[INFO    ] 	roundlo :	-1.0
[INFO    ] 	runfile :	tweakreg.log
[INFO    ] 	sharphi :	1.0
[INFO    ] 	sharplo :	0.2
[INFO    ] 	skysigma :	0.0
[INFO    ] 	theta :	0.0
[INFO    ] 	threshold :	200
[INFO    ] 	updatehdr :	True
[INFO    ] 	updatewcs :	False
[INFO    ] 	use_sharp_round :	False
[INFO    ] 	verbose :	False
[INFO    ] 	writecat :	True
[INFO    ] 	xyunits :	pixels
[INFO    ] 
[INFO    ] ===  Source finding for image 'ick905k5q_flc.fits':
[INFO    ]   #  Source finding for 'ick905k5q_flc.fits', EXT=('SCI', 1) started at: 01:15:24.377 (18/12/2019)
[INFO    ]    Finding sources using sky sigma = 14.914108
[INFO    ] ###Source finding finished at: 01:15:25.194 (18/12/2019)
[INFO    ]      Found 148 objects.
[INFO    ]   #  Source finding for 'ick905k5q_flc.fits', EXT=('SCI', 2) started at: 01:15:25.258 (18/12/2019)
[INFO    ]    Finding sources using sky sigma = 11.987140
[INFO    ] ###Source finding finished at: 01:15:26.046 (18/12/2019)
[INFO    ]      Found 574 objects.
[INFO    ] ===  FINAL number of objects in image 'ick905k5q_flc.fits': 722
[INFO    ] 
[INFO    ] ===  Source finding for image 'ick905keq_flc.fits':
[INFO    ]   #  Source finding for 'ick905keq_flc.fits', EXT=('SCI', 1) started at: 01:15:26.294 (18/12/2019)
[INFO    ]    Finding sources using sky sigma = 14.909635
[INFO    ] ###Source finding finished at: 01:15:27.06 (18/12/2019)
[INFO    ]      Found 89 objects.
[INFO    ]   #  Source finding for 'ick905keq_flc.fits', EXT=('SCI', 2) started at: 01:15:27.128 (18/12/2019)
[INFO    ]    Finding sources using sky sigma = 12.073435
[INFO    ] ###Source finding finished at: 01:15:27.914 (18/12/2019)
[INFO    ]      Found 215 objects.
[INFO    ] ===  FINAL number of objects in image 'ick905keq_flc.fits': 304
[INFO    ] 
[INFO    ] ===  Source finding for image 'ick905knq_flc.fits':
[INFO    ]   #  Source finding for 'ick905knq_flc.fits', EXT=('SCI', 1) started at: 01:15:28.156 (18/12/2019)
[INFO    ]    Finding sources using sky sigma = 16.029766
[INFO    ] ###Source finding finished at: 01:15:28.935 (18/12/2019)
[INFO    ]      Found 258 objects.
[INFO    ]   #  Source finding for 'ick905knq_flc.fits', EXT=('SCI', 2) started at: 01:15:29.000 (18/12/2019)
[INFO    ]    Finding sources using sky sigma = 12.057777
[INFO    ] ###Source finding finished at: 01:15:29.783 (18/12/2019)
[INFO    ]      Found 213 objects.
[INFO    ] ===  FINAL number of objects in image 'ick905knq_flc.fits': 471
[INFO    ] 
[INFO    ] ===  Source finding for image 'ick906kwq_flc.fits':
[INFO    ]   #  Source finding for 'ick906kwq_flc.fits', EXT=('SCI', 1) started at: 01:15:30.053 (18/12/2019)
[INFO    ]    Finding sources using sky sigma = 16.643072
[INFO    ] ###Source finding finished at: 01:15:30.835 (18/12/2019)
[INFO    ]      Found 186 objects.
[INFO    ]   #  Source finding for 'ick906kwq_flc.fits', EXT=('SCI', 2) started at: 01:15:30.898 (18/12/2019)
[INFO    ]    Finding sources using sky sigma = 15.414701
[INFO    ] ###Source finding finished at: 01:15:31.676 (18/12/2019)
[INFO    ]      Found 338 objects.
[INFO    ] ===  FINAL number of objects in image 'ick906kwq_flc.fits': 524
[INFO    ] 
[INFO    ] ===  Source finding for image 'ick906l5q_flc.fits':
[INFO    ]   #  Source finding for 'ick906l5q_flc.fits', EXT=('SCI', 1) started at: 01:15:31.911 (18/12/2019)
[INFO    ]    Finding sources using sky sigma = 16.631145
[INFO    ] ###Source finding finished at: 01:15:32.683 (18/12/2019)
[INFO    ]      Found 94 objects.
[INFO    ]   #  Source finding for 'ick906l5q_flc.fits', EXT=('SCI', 2) started at: 01:15:32.746 (18/12/2019)
[INFO    ]    Finding sources using sky sigma = 15.561554
[INFO    ] ###Source finding finished at: 01:15:33.533 (18/12/2019)
[INFO    ]      Found 130 objects.
[INFO    ] ===  FINAL number of objects in image 'ick906l5q_flc.fits': 224
[INFO    ] 
[INFO    ] ===  Source finding for image 'ick906leq_flc.fits':
[INFO    ]   #  Source finding for 'ick906leq_flc.fits', EXT=('SCI', 1) started at: 01:15:33.766 (18/12/2019)
[INFO    ]    Finding sources using sky sigma = 16.691345
[INFO    ] ###Source finding finished at: 01:15:34.555 (18/12/2019)
[INFO    ]      Found 242 objects.
[INFO    ]   #  Source finding for 'ick906leq_flc.fits', EXT=('SCI', 2) started at: 01:15:34.618 (18/12/2019)
[INFO    ]    Finding sources using sky sigma = 14.747993
[INFO    ] ###Source finding finished at: 01:15:35.396 (18/12/2019)
[INFO    ]      Found 186 objects.
[INFO    ] ===  FINAL number of objects in image 'ick906leq_flc.fits': 428
[INFO    ] 
[INFO    ] ===  Source finding for image 'ick907nkq_flc.fits':
[INFO    ]   #  Source finding for 'ick907nkq_flc.fits', EXT=('SCI', 1) started at: 01:15:35.644 (18/12/2019)
[INFO    ]    Finding sources using sky sigma = 17.998682
[INFO    ] ###Source finding finished at: 01:15:36.419 (18/12/2019)
[INFO    ]      Found 111 objects.
[INFO    ]   #  Source finding for 'ick907nkq_flc.fits', EXT=('SCI', 2) started at: 01:15:36.480 (18/12/2019)
[INFO    ]    Finding sources using sky sigma = 17.788088
[INFO    ] ###Source finding finished at: 01:15:37.268 (18/12/2019)
[INFO    ]      Found 303 objects.
[INFO    ] ===  FINAL number of objects in image 'ick907nkq_flc.fits': 414
[INFO    ] 
[INFO    ] ===  Source finding for image 'ick907o1q_flc.fits':
[INFO    ]   #  Source finding for 'ick907o1q_flc.fits', EXT=('SCI', 1) started at: 01:15:37.511 (18/12/2019)
[INFO    ]    Finding sources using sky sigma = 18.056701
[INFO    ] ###Source finding finished at: 01:15:38.287 (18/12/2019)
[INFO    ]      Found 88 objects.
[INFO    ]   #  Source finding for 'ick907o1q_flc.fits', EXT=('SCI', 2) started at: 01:15:38.347 (18/12/2019)
[INFO    ]    Finding sources using sky sigma = 17.742237
[INFO    ] ###Source finding finished at: 01:15:39.134 (18/12/2019)
[INFO    ]      Found 101 objects.
[INFO    ] ===  FINAL number of objects in image 'ick907o1q_flc.fits': 189
[INFO    ] 
[INFO    ] ===  Source finding for image 'ick907ouq_flc.fits':
[INFO    ]   #  Source finding for 'ick907ouq_flc.fits', EXT=('SCI', 1) started at: 01:15:39.436 (18/12/2019)
[INFO    ]    Finding sources using sky sigma = 17.942683
[INFO    ] ###Source finding finished at: 01:15:40.217 (18/12/2019)
[INFO    ]      Found 262 objects.
[INFO    ]   #  Source finding for 'ick907ouq_flc.fits', EXT=('SCI', 2) started at: 01:15:40.279 (18/12/2019)
[INFO    ]    Finding sources using sky sigma = 17.810923
[INFO    ] ###Source finding finished at: 01:15:41.056 (18/12/2019)
[INFO    ]      Found 143 objects.
[INFO    ] ===  FINAL number of objects in image 'ick907ouq_flc.fits': 405
[INFO    ] 
[INFO    ] ===  Source finding for image 'ick908pbq_flc.fits':
[INFO    ]   #  Source finding for 'ick908pbq_flc.fits', EXT=('SCI', 1) started at: 01:15:41.303 (18/12/2019)
[INFO    ]    Finding sources using sky sigma = 18.698361
[INFO    ] ###Source finding finished at: 01:15:42.077 (18/12/2019)
[INFO    ]      Found 119 objects.
[INFO    ]   #  Source finding for 'ick908pbq_flc.fits', EXT=('SCI', 2) started at: 01:15:42.14 (18/12/2019)
[INFO    ]    Finding sources using sky sigma = 17.107899
[INFO    ] ###Source finding finished at: 01:15:42.928 (18/12/2019)
[INFO    ]      Found 318 objects.
[INFO    ] ===  FINAL number of objects in image 'ick908pbq_flc.fits': 437
[INFO    ] 
[INFO    ] ===  Source finding for image 'ick908pkq_flc.fits':
[INFO    ]   #  Source finding for 'ick908pkq_flc.fits', EXT=('SCI', 1) started at: 01:15:43.180 (18/12/2019)
[INFO    ]    Finding sources using sky sigma = 18.178764
[INFO    ] ###Source finding finished at: 01:15:43.95 (18/12/2019)
[INFO    ]      Found 57 objects.
[INFO    ]   #  Source finding for 'ick908pkq_flc.fits', EXT=('SCI', 2) started at: 01:15:44.017 (18/12/2019)
[INFO    ]    Finding sources using sky sigma = 17.168670
[INFO    ] ###Source finding finished at: 01:15:44.799 (18/12/2019)
[INFO    ]      Found 93 objects.
[INFO    ] ===  FINAL number of objects in image 'ick908pkq_flc.fits': 150
[INFO    ] 
[INFO    ] ===  Source finding for image 'ick908ptq_flc.fits':
[INFO    ]   #  Source finding for 'ick908ptq_flc.fits', EXT=('SCI', 1) started at: 01:15:45.029 (18/12/2019)
[INFO    ]    Finding sources using sky sigma = 18.100852
[INFO    ] ###Source finding finished at: 01:15:45.808 (18/12/2019)
[INFO    ]      Found 182 objects.
[INFO    ]   #  Source finding for 'ick908ptq_flc.fits', EXT=('SCI', 2) started at: 01:15:45.928 (18/12/2019)
[INFO    ]    Finding sources using sky sigma = 17.383158
[INFO    ] ###Source finding finished at: 01:15:46.709 (18/12/2019)
[INFO    ]      Found 116 objects.
[INFO    ] ===  FINAL number of objects in image 'ick908ptq_flc.fits': 298
[INFO    ] 
[INFO    ] 
[INFO    ] USER INPUT PARAMETERS for finding sources for the reference image:
[INFO    ] 	clean :	False
[INFO    ] 	computesig :	True
[INFO    ] 	conv_width :	2.5
[INFO    ] 	dqbits :	
[INFO    ] 	enforce_user_order :	False
[INFO    ] 	expand_refcat :	False
[INFO    ] 	fluxmax :	None
[INFO    ] 	fluxmin :	None
[INFO    ] 	input :	*_flc.fits
[INFO    ] 	interactive :	False
[INFO    ] 	nsigma :	1.5
[INFO    ] 	peakmax :	None
[INFO    ] 	peakmin :	None
[INFO    ] 	ratio :	1.0
[INFO    ] 	refimage :	f160w_drz_sci.fits
[INFO    ] 	roundhi :	1.0
[INFO    ] 	roundlo :	-1.0
[INFO    ] 	runfile :	tweakreg.log
[INFO    ] 	sharphi :	1.0
[INFO    ] 	sharplo :	0.2
[INFO    ] 	skysigma :	0.0
[INFO    ] 	theta :	0.0
[INFO    ] 	threshold :	50
[INFO    ] 	updatehdr :	False
[INFO    ] 	updatewcs :	False
[INFO    ] 	use_sharp_round :	False
[INFO    ] 	verbose :	False
[INFO    ] 	writecat :	True
[INFO    ] 	xyunits :	pixels
[INFO    ] ===  Source finding for image 'f160w_drz_sci.fits':
[INFO    ] Trailer file written to:  tweakreg.log
[ERROR   ] An unhandled exception ocurred:
Traceback (most recent call last):
  File "/Users/etollerud/miniconda3/envs/nb-build/lib/python3.7/site-packages/drizzlepac/util.py", line 225, in wrapper
    result = func(*args, **kwargs)
  File "/Users/etollerud/miniconda3/envs/nb-build/lib/python3.7/site-packages/drizzlepac/tweakreg.py", line 370, in run
    **ref_catfile_kwargs)
  File "/Users/etollerud/miniconda3/envs/nb-build/lib/python3.7/site-packages/drizzlepac/imgclasses.py", line 188, in __init__
    catalog=source, src_find_filters=excludefile, **kwargs)
  File "/Users/etollerud/miniconda3/envs/nb-build/lib/python3.7/site-packages/drizzlepac/catalogs.py", line 72, in generateCatalog
    catalog = ImageCatalog(wcs,catalog,src_find_filters,**kwargs)
  File "/Users/etollerud/miniconda3/envs/nb-build/lib/python3.7/site-packages/drizzlepac/catalogs.py", line 447, in __init__
    self.source = fits.getdata(self.wcs.filename,ext=self.wcs.extname, memmap=False)
  File "/Users/etollerud/miniconda3/envs/nb-build/lib/python3.7/site-packages/astropy/io/fits/convenience.py", line 191, in getdata
    hdu = hdulist[extidx]
  File "/Users/etollerud/miniconda3/envs/nb-build/lib/python3.7/site-packages/astropy/io/fits/hdu/hdulist.py", line 300, in __getitem__
    self._positive_index_of(key))
  File "/Users/etollerud/miniconda3/envs/nb-build/lib/python3.7/site-packages/astropy/io/fits/hdu/hdulist.py", line 754, in _positive_index_of
    index = self.index_of(key)
  File "/Users/etollerud/miniconda3/envs/nb-build/lib/python3.7/site-packages/astropy/io/fits/hdu/hdulist.py", line 735, in index_of
    raise KeyError('Extension {!r} not found.'.format(key))
KeyError: "Extension ('', 1) not found."
